[2019-12-15 14:24:55] local.ERROR: SQLSTATE[HY000] [1049] Unknown database 'laravel' (SQL: select * from information_schema.tables where table_schema = laravel and table_name = migrations and table_type = 'BASE TABLE') {"exception":"[object] (Illuminate\\Database\\QueryException(code: 1049): SQLSTATE[HY000] [1049] Unknown database 'laravel' (SQL: select * from information_schema.tables where table_schema = laravel and table_name = migrations and table_type = 'BASE TABLE') at D:\\Projects\\xampp\\htdocs\\abc\\vendor\\laravel\\framework\\src\\Illuminate\\Database\\Connection.php:669)
[stacktrace]
#0 D:\\Projects\\xampp\\htdocs\\abc\\vendor\\laravel\\framework\\src\\Illuminate\\Database\\Connection.php(629): Illuminate\\Database\\Connection->runQueryCallback('select * from i...', Array, Object(Closure))
#1 D:\\Projects\\xampp\\htdocs\\abc\\vendor\\laravel\\framework\\src\\Illuminate\\Database\\Connection.php(338): Illuminate\\Database\\Connection->run('select * from i...', Array, Object(Closure))
#2 D:\\Projects\\xampp\\htdocs\\abc\\vendor\\laravel\\framework\\src\\Illuminate\\Database\\Schema\\MySqlBuilder.php(18): Illuminate\\Database\\Connection->select('select * from i...', Array)
#3 D:\\Projects\\xampp\\htdocs\\abc\\vendor\\laravel\\framework\\src\\Illuminate\\Database\\Migrations\\DatabaseMigrationRepository.php(169): Illuminate\\Database\\Schema\\MySqlBuilder->hasTable('migrations')
#4 D:\\Projects\\xampp\\htdocs\\abc\\vendor\\laravel\\framework\\src\\Illuminate\\Database\\Migrations\\Migrator.php(585): Illuminate\\Database\\Migrations\\DatabaseMigrationRepository->repositoryExists()
#5 D:\\Projects\\xampp\\htdocs\\abc\\vendor\\laravel\\framework\\src\\Illuminate\\Database\\Console\\Migrations\\MigrateCommand.php(91): Illuminate\\Database\\Migrations\\Migrator->repositoryExists()
#6 D:\\Projects\\xampp\\htdocs\\abc\\vendor\\laravel\\framework\\src\\Illuminate\\Database\\Console\\Migrations\\MigrateCommand.php(63): Illuminate\\Database\\Console\\Migrations\\MigrateCommand->prepareDatabase()
#7 [internal function]: Illuminate\\Database\\Console\\Migrations\\MigrateCommand->handle()
#8 D:\\Projects\\xampp\\htdocs\\abc\\vendor\\laravel\\framework\\src\\Illuminate\\Container\\BoundMethod.php(32): call_user_func_array(Array, Array)
#9 D:\\Projects\\xampp\\htdocs\\abc\\vendor\\laravel\\framework\\src\\Illuminate\\Container\\Util.php(36): Illuminate\\Container\\BoundMethod::Illuminate\\Container\\{closure}()
#10 D:\\Projects\\xampp\\htdocs\\abc\\vendor\\laravel\\framework\\src\\Illuminate\\Container\\BoundMethod.php(90): Illuminate\\Container\\Util::unwrapIfClosure(Object(Closure))
#11 D:\\Projects\\xampp\\htdocs\\abc\\vendor\\laravel\\framework\\src\\Illuminate\\Container\\BoundMethod.php(34): Illuminate\\Container\\BoundMethod::callBoundMethod(Object(Illuminate\\Foundation\\Application), Array, Object(Closure))
#12 D:\\Projects\\xampp\\htdocs\\abc\\vendor\\laravel\\framework\\src\\Illuminate\\Container\\Container.php(590): Illuminate\\Container\\BoundMethod::call(Object(Illuminate\\Foundation\\Application), Array, Array, NULL)
#13 D:\\Projects\\xampp\\htdocs\\abc\\vendor\\laravel\\framework\\src\\Illuminate\\Console\\Command.php(202): Illuminate\\Container\\Container->call(Array)
#14 D:\\Projects\\xampp\\htdocs\\abc\\vendor\\symfony\\console\\Command\\Command.php(255): Illuminate\\Console\\Command->execute(Object(Symfony\\Component\\Console\\Input\\ArgvInput), Object(Illuminate\\Console\\OutputStyle))
#15 D:\\Projects\\xampp\\htdocs\\abc\\vendor\\laravel\\framework\\src\\Illuminate\\Console\\Command.php(189): Symfony\\Component\\Console\\Command\\Command->run(Object(Symfony\\Component\\Console\\Input\\ArgvInput), Object(Illuminate\\Console\\OutputStyle))
#16 D:\\Projects\\xampp\\htdocs\\abc\\vendor\\symfony\\console\\Application.php(1011): Illuminate\\Console\\Command->run(Object(Symfony\\Component\\Console\\Input\\ArgvInput), Object(Symfony\\Component\\Console\\Output\\ConsoleOutput))
#17 D:\\Projects\\xampp\\htdocs\\abc\\vendor\\symfony\\console\\Application.php(272): Symfony\\Component\\Console\\Application->doRunCommand(Object(Illuminate\\Database\\Console\\Migrations\\MigrateCommand), Object(Symfony\\Component\\Console\\Input\\ArgvInput), Object(Symfony\\Component\\Console\\Output\\ConsoleOutput))
#18 D:\\Projects\\xampp\\htdocs\\abc\\vendor\\symfony\\console\\Application.php(148): Symfony\\Component\\Console\\Application->doRun(Object(Symfony\\Component\\Console\\Input\\ArgvInput), Object(Symfony\\Component\\Console\\Output\\ConsoleOutput))
#19 D:\\Projects\\xampp\\htdocs\\abc\\vendor\\laravel\\framework\\src\\Illuminate\\Console\\Application.php(93): Symfony\\Component\\Console\\Application->run(Object(Symfony\\Component\\Console\\Input\\ArgvInput), Object(Symfony\\Component\\Console\\Output\\ConsoleOutput))
#20 D:\\Projects\\xampp\\htdocs\\abc\\vendor\\laravel\\framework\\src\\Illuminate\\Foundation\\Console\\Kernel.php(131): Illuminate\\Console\\Application->run(Object(Symfony\\Component\\Console\\Input\\ArgvInput), Object(Symfony\\Component\\Console\\Output\\ConsoleOutput))
#21 D:\\Projects\\xampp\\htdocs\\abc\\artisan(37): Illuminate\\Foundation\\Console\\Kernel->handle(Object(Symfony\\Component\\Console\\Input\\ArgvInput), Object(Symfony\\Component\\Console\\Output\\ConsoleOutput))
#22 {main}

[previous exception] [object] (PDOException(code: 1049): SQLSTATE[HY000] [1049] Unknown database 'laravel' at D:\\Projects\\xampp\\htdocs\\abc\\vendor\\laravel\\framework\\src\\Illuminate\\Database\\Connectors\\Connector.php:70)
[stacktrace]
#0 D:\\Projects\\xampp\\htdocs\\abc\\vendor\\laravel\\framework\\src\\Illuminate\\Database\\Connectors\\Connector.php(70): PDO->__construct('mysql:host=127....', 'root', '', Array)
#1 D:\\Projects\\xampp\\htdocs\\abc\\vendor\\laravel\\framework\\src\\Illuminate\\Database\\Connectors\\Connector.php(46): Illuminate\\Database\\Connectors\\Connector->createPdoConnection('mysql:host=127....', 'root', '', Array)
#2 D:\\Projects\\xampp\\htdocs\\abc\\vendor\\laravel\\framework\\src\\Illuminate\\Database\\Connectors\\MySqlConnector.php(24): Illuminate\\Database\\Connectors\\Connector->createConnection('mysql:host=127....', Array, Array)
#3 D:\\Projects\\xampp\\htdocs\\abc\\vendor\\laravel\\framework\\src\\Illuminate\\Database\\Connectors\\ConnectionFactory.php(182): Illuminate\\Database\\Connectors\\MySqlConnector->connect(Array)
#4 [internal function]: Illuminate\\Database\\Connectors\\ConnectionFactory->Illuminate\\Database\\Connectors\\{closure}()
#5 D:\\Projects\\xampp\\htdocs\\abc\\vendor\\laravel\\framework\\src\\Illuminate\\Database\\Connection.php(924): call_user_func(Object(Closure))
#6 D:\\Projects\\xampp\\htdocs\\abc\\vendor\\laravel\\framework\\src\\Illuminate\\Database\\Connection.php(949): Illuminate\\Database\\Connection->getPdo()
#7 D:\\Projects\\xampp\\htdocs\\abc\\vendor\\laravel\\framework\\src\\Illuminate\\Database\\Connection.php(404): Illuminate\\Database\\Connection->getReadPdo()
#8 D:\\Projects\\xampp\\htdocs\\abc\\vendor\\laravel\\framework\\src\\Illuminate\\Database\\Connection.php(330): Illuminate\\Database\\Connection->getPdoForSelect(true)
#9 D:\\Projects\\xampp\\htdocs\\abc\\vendor\\laravel\\framework\\src\\Illuminate\\Database\\Connection.php(662): Illuminate\\Database\\Connection->Illuminate\\Database\\{closure}('select * from i...', Array)
#10 D:\\Projects\\xampp\\htdocs\\abc\\vendor\\laravel\\framework\\src\\Illuminate\\Database\\Connection.php(629): Illuminate\\Database\\Connection->runQueryCallback('select * from i...', Array, Object(Closure))
#11 D:\\Projects\\xampp\\htdocs\\abc\\vendor\\laravel\\framework\\src\\Illuminate\\Database\\Connection.php(338): Illuminate\\Database\\Connection->run('select * from i...', Array, Object(Closure))
#12 D:\\Projects\\xampp\\htdocs\\abc\\vendor\\laravel\\framework\\src\\Illuminate\\Database\\Schema\\MySqlBuilder.php(18): Illuminate\\Database\\Connection->select('select * from i...', Array)
#13 D:\\Projects\\xampp\\htdocs\\abc\\vendor\\laravel\\framework\\src\\Illuminate\\Database\\Migrations\\DatabaseMigrationRepository.php(169): Illuminate\\Database\\Schema\\MySqlBuilder->hasTable('migrations')
#14 D:\\Projects\\xampp\\htdocs\\abc\\vendor\\laravel\\framework\\src\\Illuminate\\Database\\Migrations\\Migrator.php(585): Illuminate\\Database\\Migrations\\DatabaseMigrationRepository->repositoryExists()
#15 D:\\Projects\\xampp\\htdocs\\abc\\vendor\\laravel\\framework\\src\\Illuminate\\Database\\Console\\Migrations\\MigrateCommand.php(91): Illuminate\\Database\\Migrations\\Migrator->repositoryExists()
#16 D:\\Projects\\xampp\\htdocs\\abc\\vendor\\laravel\\framework\\src\\Illuminate\\Database\\Console\\Migrations\\MigrateCommand.php(63): Illuminate\\Database\\Console\\Migrations\\MigrateCommand->prepareDatabase()
#17 [internal function]: Illuminate\\Database\\Console\\Migrations\\MigrateCommand->handle()
#18 D:\\Projects\\xampp\\htdocs\\abc\\vendor\\laravel\\framework\\src\\Illuminate\\Container\\BoundMethod.php(32): call_user_func_array(Array, Array)
#19 D:\\Projects\\xampp\\htdocs\\abc\\vendor\\laravel\\framework\\src\\Illuminate\\Container\\Util.php(36): Illuminate\\Container\\BoundMethod::Illuminate\\Container\\{closure}()
#20 D:\\Projects\\xampp\\htdocs\\abc\\vendor\\laravel\\framework\\src\\Illuminate\\Container\\BoundMethod.php(90): Illuminate\\Container\\Util::unwrapIfClosure(Object(Closure))
#21 D:\\Projects\\xampp\\htdocs\\abc\\vendor\\laravel\\framework\\src\\Illuminate\\Container\\BoundMethod.php(34): Illuminate\\Container\\BoundMethod::callBoundMethod(Object(Illuminate\\Foundation\\Application), Array, Object(Closure))
#22 D:\\Projects\\xampp\\htdocs\\abc\\vendor\\laravel\\framework\\src\\Illuminate\\Container\\Container.php(590): Illuminate\\Container\\BoundMethod::call(Object(Illuminate\\Foundation\\Application), Array, Array, NULL)
#23 D:\\Projects\\xampp\\htdocs\\abc\\vendor\\laravel\\framework\\src\\Illuminate\\Console\\Command.php(202): Illuminate\\Container\\Container->call(Array)
#24 D:\\Projects\\xampp\\htdocs\\abc\\vendor\\symfony\\console\\Command\\Command.php(255): Illuminate\\Console\\Command->execute(Object(Symfony\\Component\\Console\\Input\\ArgvInput), Object(Illuminate\\Console\\OutputStyle))
#25 D:\\Projects\\xampp\\htdocs\\abc\\vendor\\laravel\\framework\\src\\Illuminate\\Console\\Command.php(189): Symfony\\Component\\Console\\Command\\Command->run(Object(Symfony\\Component\\Console\\Input\\ArgvInput), Object(Illuminate\\Console\\OutputStyle))
#26 D:\\Projects\\xampp\\htdocs\\abc\\vendor\\symfony\\console\\Application.php(1011): Illuminate\\Console\\Command->run(Object(Symfony\\Component\\Console\\Input\\ArgvInput), Object(Symfony\\Component\\Console\\Output\\ConsoleOutput))
#27 D:\\Projects\\xampp\\htdocs\\abc\\vendor\\symfony\\console\\Application.php(272): Symfony\\Component\\Console\\Application->doRunCommand(Object(Illuminate\\Database\\Console\\Migrations\\MigrateCommand), Object(Symfony\\Component\\Console\\Input\\ArgvInput), Object(Symfony\\Component\\Console\\Output\\ConsoleOutput))
#28 D:\\Projects\\xampp\\htdocs\\abc\\vendor\\symfony\\console\\Application.php(148): Symfony\\Component\\Console\\Application->doRun(Object(Symfony\\Component\\Console\\Input\\ArgvInput), Object(Symfony\\Component\\Console\\Output\\ConsoleOutput))
#29 D:\\Projects\\xampp\\htdocs\\abc\\vendor\\laravel\\framework\\src\\Illuminate\\Console\\Application.php(93): Symfony\\Component\\Console\\Application->run(Object(Symfony\\Component\\Console\\Input\\ArgvInput), Object(Symfony\\Component\\Console\\Output\\ConsoleOutput))
#30 D:\\Projects\\xampp\\htdocs\\abc\\vendor\\laravel\\framework\\src\\Illuminate\\Foundation\\Console\\Kernel.php(131): Illuminate\\Console\\Application->run(Object(Symfony\\Component\\Console\\Input\\ArgvInput), Object(Symfony\\Component\\Console\\Output\\ConsoleOutput))
#31 D:\\Projects\\xampp\\htdocs\\abc\\artisan(37): Illuminate\\Foundation\\Console\\Kernel->handle(Object(Symfony\\Component\\Console\\Input\\ArgvInput), Object(Symfony\\Component\\Console\\Output\\ConsoleOutput))
#32 {main}
"} 
[2019-12-15 14:26:37] local.ERROR: SQLSTATE[42000]: Syntax error or access violation: 1071 Specified key was too long; max key length is 767 bytes (SQL: alter table `users` add unique `users_email_unique`(`email`)) {"exception":"[object] (Illuminate\\Database\\QueryException(code: 42000): SQLSTATE[42000]: Syntax error or access violation: 1071 Specified key was too long; max key length is 767 bytes (SQL: alter table `users` add unique `users_email_unique`(`email`)) at D:\\Projects\\xampp\\htdocs\\abc\\vendor\\laravel\\framework\\src\\Illuminate\\Database\\Connection.php:669)
[stacktrace]
#0 D:\\Projects\\xampp\\htdocs\\abc\\vendor\\laravel\\framework\\src\\Illuminate\\Database\\Connection.php(629): Illuminate\\Database\\Connection->runQueryCallback('alter table `us...', Array, Object(Closure))
#1 D:\\Projects\\xampp\\htdocs\\abc\\vendor\\laravel\\framework\\src\\Illuminate\\Database\\Connection.php(464): Illuminate\\Database\\Connection->run('alter table `us...', Array, Object(Closure))
#2 D:\\Projects\\xampp\\htdocs\\abc\\vendor\\laravel\\framework\\src\\Illuminate\\Database\\Schema\\Blueprint.php(97): Illuminate\\Database\\Connection->statement('alter table `us...')
#3 D:\\Projects\\xampp\\htdocs\\abc\\vendor\\laravel\\framework\\src\\Illuminate\\Database\\Schema\\Builder.php(290): Illuminate\\Database\\Schema\\Blueprint->build(Object(Illuminate\\Database\\MySqlConnection), Object(Illuminate\\Database\\Schema\\Grammars\\MySqlGrammar))
#4 D:\\Projects\\xampp\\htdocs\\abc\\vendor\\laravel\\framework\\src\\Illuminate\\Database\\Schema\\Builder.php(167): Illuminate\\Database\\Schema\\Builder->build(Object(Illuminate\\Database\\Schema\\Blueprint))
#5 D:\\Projects\\xampp\\htdocs\\abc\\vendor\\laravel\\framework\\src\\Illuminate\\Support\\Facades\\Facade.php(261): Illuminate\\Database\\Schema\\Builder->create('users', Object(Closure))
#6 D:\\Projects\\xampp\\htdocs\\abc\\database\\migrations\\2014_10_12_000000_create_users_table.php(24): Illuminate\\Support\\Facades\\Facade::__callStatic('create', Array)
#7 D:\\Projects\\xampp\\htdocs\\abc\\vendor\\laravel\\framework\\src\\Illuminate\\Database\\Migrations\\Migrator.php(387): CreateUsersTable->up()
#8 D:\\Projects\\xampp\\htdocs\\abc\\vendor\\laravel\\framework\\src\\Illuminate\\Database\\Migrations\\Migrator.php(396): Illuminate\\Database\\Migrations\\Migrator->Illuminate\\Database\\Migrations\\{closure}()
#9 D:\\Projects\\xampp\\htdocs\\abc\\vendor\\laravel\\framework\\src\\Illuminate\\Database\\Migrations\\Migrator.php(197): Illuminate\\Database\\Migrations\\Migrator->runMigration(Object(CreateUsersTable), 'up')
#10 D:\\Projects\\xampp\\htdocs\\abc\\vendor\\laravel\\framework\\src\\Illuminate\\Database\\Migrations\\Migrator.php(162): Illuminate\\Database\\Migrations\\Migrator->runUp('D:\\\\Projects\\\\xam...', 1, false)
#11 D:\\Projects\\xampp\\htdocs\\abc\\vendor\\laravel\\framework\\src\\Illuminate\\Database\\Migrations\\Migrator.php(109): Illuminate\\Database\\Migrations\\Migrator->runPending(Array, Array)
#12 D:\\Projects\\xampp\\htdocs\\abc\\vendor\\laravel\\framework\\src\\Illuminate\\Database\\Console\\Migrations\\MigrateCommand.php(71): Illuminate\\Database\\Migrations\\Migrator->run(Array, Array)
#13 [internal function]: Illuminate\\Database\\Console\\Migrations\\MigrateCommand->handle()
#14 D:\\Projects\\xampp\\htdocs\\abc\\vendor\\laravel\\framework\\src\\Illuminate\\Container\\BoundMethod.php(32): call_user_func_array(Array, Array)
#15 D:\\Projects\\xampp\\htdocs\\abc\\vendor\\laravel\\framework\\src\\Illuminate\\Container\\Util.php(36): Illuminate\\Container\\BoundMethod::Illuminate\\Container\\{closure}()
#16 D:\\Projects\\xampp\\htdocs\\abc\\vendor\\laravel\\framework\\src\\Illuminate\\Container\\BoundMethod.php(90): Illuminate\\Container\\Util::unwrapIfClosure(Object(Closure))
#17 D:\\Projects\\xampp\\htdocs\\abc\\vendor\\laravel\\framework\\src\\Illuminate\\Container\\BoundMethod.php(34): Illuminate\\Container\\BoundMethod::callBoundMethod(Object(Illuminate\\Foundation\\Application), Array, Object(Closure))
#18 D:\\Projects\\xampp\\htdocs\\abc\\vendor\\laravel\\framework\\src\\Illuminate\\Container\\Container.php(590): Illuminate\\Container\\BoundMethod::call(Object(Illuminate\\Foundation\\Application), Array, Array, NULL)
#19 D:\\Projects\\xampp\\htdocs\\abc\\vendor\\laravel\\framework\\src\\Illuminate\\Console\\Command.php(202): Illuminate\\Container\\Container->call(Array)
#20 D:\\Projects\\xampp\\htdocs\\abc\\vendor\\symfony\\console\\Command\\Command.php(255): Illuminate\\Console\\Command->execute(Object(Symfony\\Component\\Console\\Input\\ArgvInput), Object(Illuminate\\Console\\OutputStyle))
#21 D:\\Projects\\xampp\\htdocs\\abc\\vendor\\laravel\\framework\\src\\Illuminate\\Console\\Command.php(189): Symfony\\Component\\Console\\Command\\Command->run(Object(Symfony\\Component\\Console\\Input\\ArgvInput), Object(Illuminate\\Console\\OutputStyle))
#22 D:\\Projects\\xampp\\htdocs\\abc\\vendor\\symfony\\console\\Application.php(1011): Illuminate\\Console\\Command->run(Object(Symfony\\Component\\Console\\Input\\ArgvInput), Object(Symfony\\Component\\Console\\Output\\ConsoleOutput))
#23 D:\\Projects\\xampp\\htdocs\\abc\\vendor\\symfony\\console\\Application.php(272): Symfony\\Component\\Console\\Application->doRunCommand(Object(Illuminate\\Database\\Console\\Migrations\\MigrateCommand), Object(Symfony\\Component\\Console\\Input\\ArgvInput), Object(Symfony\\Component\\Console\\Output\\ConsoleOutput))
#24 D:\\Projects\\xampp\\htdocs\\abc\\vendor\\symfony\\console\\Application.php(148): Symfony\\Component\\Console\\Application->doRun(Object(Symfony\\Component\\Console\\Input\\ArgvInput), Object(Symfony\\Component\\Console\\Output\\ConsoleOutput))
#25 D:\\Projects\\xampp\\htdocs\\abc\\vendor\\laravel\\framework\\src\\Illuminate\\Console\\Application.php(93): Symfony\\Component\\Console\\Application->run(Object(Symfony\\Component\\Console\\Input\\ArgvInput), Object(Symfony\\Component\\Console\\Output\\ConsoleOutput))
#26 D:\\Projects\\xampp\\htdocs\\abc\\vendor\\laravel\\framework\\src\\Illuminate\\Foundation\\Console\\Kernel.php(131): Illuminate\\Console\\Application->run(Object(Symfony\\Component\\Console\\Input\\ArgvInput), Object(Symfony\\Component\\Console\\Output\\ConsoleOutput))
#27 D:\\Projects\\xampp\\htdocs\\abc\\artisan(37): Illuminate\\Foundation\\Console\\Kernel->handle(Object(Symfony\\Component\\Console\\Input\\ArgvInput), Object(Symfony\\Component\\Console\\Output\\ConsoleOutput))
#28 {main}

[previous exception] [object] (PDOException(code: 42000): SQLSTATE[42000]: Syntax error or access violation: 1071 Specified key was too long; max key length is 767 bytes at D:\\Projects\\xampp\\htdocs\\abc\\vendor\\laravel\\framework\\src\\Illuminate\\Database\\Connection.php:463)
[stacktrace]
#0 D:\\Projects\\xampp\\htdocs\\abc\\vendor\\laravel\\framework\\src\\Illuminate\\Database\\Connection.php(463): PDOStatement->execute()
#1 D:\\Projects\\xampp\\htdocs\\abc\\vendor\\laravel\\framework\\src\\Illuminate\\Database\\Connection.php(662): Illuminate\\Database\\Connection->Illuminate\\Database\\{closure}('alter table `us...', Array)
#2 D:\\Projects\\xampp\\htdocs\\abc\\vendor\\laravel\\framework\\src\\Illuminate\\Database\\Connection.php(629): Illuminate\\Database\\Connection->runQueryCallback('alter table `us...', Array, Object(Closure))
#3 D:\\Projects\\xampp\\htdocs\\abc\\vendor\\laravel\\framework\\src\\Illuminate\\Database\\Connection.php(464): Illuminate\\Database\\Connection->run('alter table `us...', Array, Object(Closure))
#4 D:\\Projects\\xampp\\htdocs\\abc\\vendor\\laravel\\framework\\src\\Illuminate\\Database\\Schema\\Blueprint.php(97): Illuminate\\Database\\Connection->statement('alter table `us...')
#5 D:\\Projects\\xampp\\htdocs\\abc\\vendor\\laravel\\framework\\src\\Illuminate\\Database\\Schema\\Builder.php(290): Illuminate\\Database\\Schema\\Blueprint->build(Object(Illuminate\\Database\\MySqlConnection), Object(Illuminate\\Database\\Schema\\Grammars\\MySqlGrammar))
#6 D:\\Projects\\xampp\\htdocs\\abc\\vendor\\laravel\\framework\\src\\Illuminate\\Database\\Schema\\Builder.php(167): Illuminate\\Database\\Schema\\Builder->build(Object(Illuminate\\Database\\Schema\\Blueprint))
#7 D:\\Projects\\xampp\\htdocs\\abc\\vendor\\laravel\\framework\\src\\Illuminate\\Support\\Facades\\Facade.php(261): Illuminate\\Database\\Schema\\Builder->create('users', Object(Closure))
#8 D:\\Projects\\xampp\\htdocs\\abc\\database\\migrations\\2014_10_12_000000_create_users_table.php(24): Illuminate\\Support\\Facades\\Facade::__callStatic('create', Array)
#9 D:\\Projects\\xampp\\htdocs\\abc\\vendor\\laravel\\framework\\src\\Illuminate\\Database\\Migrations\\Migrator.php(387): CreateUsersTable->up()
#10 D:\\Projects\\xampp\\htdocs\\abc\\vendor\\laravel\\framework\\src\\Illuminate\\Database\\Migrations\\Migrator.php(396): Illuminate\\Database\\Migrations\\Migrator->Illuminate\\Database\\Migrations\\{closure}()
#11 D:\\Projects\\xampp\\htdocs\\abc\\vendor\\laravel\\framework\\src\\Illuminate\\Database\\Migrations\\Migrator.php(197): Illuminate\\Database\\Migrations\\Migrator->runMigration(Object(CreateUsersTable), 'up')
#12 D:\\Projects\\xampp\\htdocs\\abc\\vendor\\laravel\\framework\\src\\Illuminate\\Database\\Migrations\\Migrator.php(162): Illuminate\\Database\\Migrations\\Migrator->runUp('D:\\\\Projects\\\\xam...', 1, false)
#13 D:\\Projects\\xampp\\htdocs\\abc\\vendor\\laravel\\framework\\src\\Illuminate\\Database\\Migrations\\Migrator.php(109): Illuminate\\Database\\Migrations\\Migrator->runPending(Array, Array)
#14 D:\\Projects\\xampp\\htdocs\\abc\\vendor\\laravel\\framework\\src\\Illuminate\\Database\\Console\\Migrations\\MigrateCommand.php(71): Illuminate\\Database\\Migrations\\Migrator->run(Array, Array)
#15 [internal function]: Illuminate\\Database\\Console\\Migrations\\MigrateCommand->handle()
#16 D:\\Projects\\xampp\\htdocs\\abc\\vendor\\laravel\\framework\\src\\Illuminate\\Container\\BoundMethod.php(32): call_user_func_array(Array, Array)
#17 D:\\Projects\\xampp\\htdocs\\abc\\vendor\\laravel\\framework\\src\\Illuminate\\Container\\Util.php(36): Illuminate\\Container\\BoundMethod::Illuminate\\Container\\{closure}()
#18 D:\\Projects\\xampp\\htdocs\\abc\\vendor\\laravel\\framework\\src\\Illuminate\\Container\\BoundMethod.php(90): Illuminate\\Container\\Util::unwrapIfClosure(Object(Closure))
#19 D:\\Projects\\xampp\\htdocs\\abc\\vendor\\laravel\\framework\\src\\Illuminate\\Container\\BoundMethod.php(34): Illuminate\\Container\\BoundMethod::callBoundMethod(Object(Illuminate\\Foundation\\Application), Array, Object(Closure))
#20 D:\\Projects\\xampp\\htdocs\\abc\\vendor\\laravel\\framework\\src\\Illuminate\\Container\\Container.php(590): Illuminate\\Container\\BoundMethod::call(Object(Illuminate\\Foundation\\Application), Array, Array, NULL)
#21 D:\\Projects\\xampp\\htdocs\\abc\\vendor\\laravel\\framework\\src\\Illuminate\\Console\\Command.php(202): Illuminate\\Container\\Container->call(Array)
#22 D:\\Projects\\xampp\\htdocs\\abc\\vendor\\symfony\\console\\Command\\Command.php(255): Illuminate\\Console\\Command->execute(Object(Symfony\\Component\\Console\\Input\\ArgvInput), Object(Illuminate\\Console\\OutputStyle))
#23 D:\\Projects\\xampp\\htdocs\\abc\\vendor\\laravel\\framework\\src\\Illuminate\\Console\\Command.php(189): Symfony\\Component\\Console\\Command\\Command->run(Object(Symfony\\Component\\Console\\Input\\ArgvInput), Object(Illuminate\\Console\\OutputStyle))
#24 D:\\Projects\\xampp\\htdocs\\abc\\vendor\\symfony\\console\\Application.php(1011): Illuminate\\Console\\Command->run(Object(Symfony\\Component\\Console\\Input\\ArgvInput), Object(Symfony\\Component\\Console\\Output\\ConsoleOutput))
#25 D:\\Projects\\xampp\\htdocs\\abc\\vendor\\symfony\\console\\Application.php(272): Symfony\\Component\\Console\\Application->doRunCommand(Object(Illuminate\\Database\\Console\\Migrations\\MigrateCommand), Object(Symfony\\Component\\Console\\Input\\ArgvInput), Object(Symfony\\Component\\Console\\Output\\ConsoleOutput))
#26 D:\\Projects\\xampp\\htdocs\\abc\\vendor\\symfony\\console\\Application.php(148): Symfony\\Component\\Console\\Application->doRun(Object(Symfony\\Component\\Console\\Input\\ArgvInput), Object(Symfony\\Component\\Console\\Output\\ConsoleOutput))
#27 D:\\Projects\\xampp\\htdocs\\abc\\vendor\\laravel\\framework\\src\\Illuminate\\Console\\Application.php(93): Symfony\\Component\\Console\\Application->run(Object(Symfony\\Component\\Console\\Input\\ArgvInput), Object(Symfony\\Component\\Console\\Output\\ConsoleOutput))
#28 D:\\Projects\\xampp\\htdocs\\abc\\vendor\\laravel\\framework\\src\\Illuminate\\Foundation\\Console\\Kernel.php(131): Illuminate\\Console\\Application->run(Object(Symfony\\Component\\Console\\Input\\ArgvInput), Object(Symfony\\Component\\Console\\Output\\ConsoleOutput))
#29 D:\\Projects\\xampp\\htdocs\\abc\\artisan(37): Illuminate\\Foundation\\Console\\Kernel->handle(Object(Symfony\\Component\\Console\\Input\\ArgvInput), Object(Symfony\\Component\\Console\\Output\\ConsoleOutput))
#30 {main}
"} 
[2019-12-15 14:31:20] local.ERROR: SQLSTATE[42S01]: Base table or view already exists: 1050 Table 'users' already exists (SQL: create table `users` (`id` bigint unsigned not null auto_increment primary key, `name` varchar(191) not null, `email` varchar(191) not null, `email_verified_at` timestamp null, `password` varchar(191) not null, `remember_token` varchar(100) null, `created_at` timestamp null, `updated_at` timestamp null) default character set utf8mb4 collate 'utf8mb4_unicode_ci') {"exception":"[object] (Illuminate\\Database\\QueryException(code: 42S01): SQLSTATE[42S01]: Base table or view already exists: 1050 Table 'users' already exists (SQL: create table `users` (`id` bigint unsigned not null auto_increment primary key, `name` varchar(191) not null, `email` varchar(191) not null, `email_verified_at` timestamp null, `password` varchar(191) not null, `remember_token` varchar(100) null, `created_at` timestamp null, `updated_at` timestamp null) default character set utf8mb4 collate 'utf8mb4_unicode_ci') at D:\\Projects\\xampp\\htdocs\\abc\\vendor\\laravel\\framework\\src\\Illuminate\\Database\\Connection.php:669)
[stacktrace]
#0 D:\\Projects\\xampp\\htdocs\\abc\\vendor\\laravel\\framework\\src\\Illuminate\\Database\\Connection.php(629): Illuminate\\Database\\Connection->runQueryCallback('create table `u...', Array, Object(Closure))
#1 D:\\Projects\\xampp\\htdocs\\abc\\vendor\\laravel\\framework\\src\\Illuminate\\Database\\Connection.php(464): Illuminate\\Database\\Connection->run('create table `u...', Array, Object(Closure))
#2 D:\\Projects\\xampp\\htdocs\\abc\\vendor\\laravel\\framework\\src\\Illuminate\\Database\\Schema\\Blueprint.php(97): Illuminate\\Database\\Connection->statement('create table `u...')
#3 D:\\Projects\\xampp\\htdocs\\abc\\vendor\\laravel\\framework\\src\\Illuminate\\Database\\Schema\\Builder.php(290): Illuminate\\Database\\Schema\\Blueprint->build(Object(Illuminate\\Database\\MySqlConnection), Object(Illuminate\\Database\\Schema\\Grammars\\MySqlGrammar))
#4 D:\\Projects\\xampp\\htdocs\\abc\\vendor\\laravel\\framework\\src\\Illuminate\\Database\\Schema\\Builder.php(167): Illuminate\\Database\\Schema\\Builder->build(Object(Illuminate\\Database\\Schema\\Blueprint))
#5 D:\\Projects\\xampp\\htdocs\\abc\\vendor\\laravel\\framework\\src\\Illuminate\\Support\\Facades\\Facade.php(261): Illuminate\\Database\\Schema\\Builder->create('users', Object(Closure))
#6 D:\\Projects\\xampp\\htdocs\\abc\\database\\migrations\\2014_10_12_000000_create_users_table.php(24): Illuminate\\Support\\Facades\\Facade::__callStatic('create', Array)
#7 D:\\Projects\\xampp\\htdocs\\abc\\vendor\\laravel\\framework\\src\\Illuminate\\Database\\Migrations\\Migrator.php(387): CreateUsersTable->up()
#8 D:\\Projects\\xampp\\htdocs\\abc\\vendor\\laravel\\framework\\src\\Illuminate\\Database\\Migrations\\Migrator.php(396): Illuminate\\Database\\Migrations\\Migrator->Illuminate\\Database\\Migrations\\{closure}()
#9 D:\\Projects\\xampp\\htdocs\\abc\\vendor\\laravel\\framework\\src\\Illuminate\\Database\\Migrations\\Migrator.php(197): Illuminate\\Database\\Migrations\\Migrator->runMigration(Object(CreateUsersTable), 'up')
#10 D:\\Projects\\xampp\\htdocs\\abc\\vendor\\laravel\\framework\\src\\Illuminate\\Database\\Migrations\\Migrator.php(162): Illuminate\\Database\\Migrations\\Migrator->runUp('D:\\\\Projects\\\\xam...', 1, false)
#11 D:\\Projects\\xampp\\htdocs\\abc\\vendor\\laravel\\framework\\src\\Illuminate\\Database\\Migrations\\Migrator.php(109): Illuminate\\Database\\Migrations\\Migrator->runPending(Array, Array)
#12 D:\\Projects\\xampp\\htdocs\\abc\\vendor\\laravel\\framework\\src\\Illuminate\\Database\\Console\\Migrations\\MigrateCommand.php(71): Illuminate\\Database\\Migrations\\Migrator->run(Array, Array)
#13 [internal function]: Illuminate\\Database\\Console\\Migrations\\MigrateCommand->handle()
#14 D:\\Projects\\xampp\\htdocs\\abc\\vendor\\laravel\\framework\\src\\Illuminate\\Container\\BoundMethod.php(32): call_user_func_array(Array, Array)
#15 D:\\Projects\\xampp\\htdocs\\abc\\vendor\\laravel\\framework\\src\\Illuminate\\Container\\Util.php(36): Illuminate\\Container\\BoundMethod::Illuminate\\Container\\{closure}()
#16 D:\\Projects\\xampp\\htdocs\\abc\\vendor\\laravel\\framework\\src\\Illuminate\\Container\\BoundMethod.php(90): Illuminate\\Container\\Util::unwrapIfClosure(Object(Closure))
#17 D:\\Projects\\xampp\\htdocs\\abc\\vendor\\laravel\\framework\\src\\Illuminate\\Container\\BoundMethod.php(34): Illuminate\\Container\\BoundMethod::callBoundMethod(Object(Illuminate\\Foundation\\Application), Array, Object(Closure))
#18 D:\\Projects\\xampp\\htdocs\\abc\\vendor\\laravel\\framework\\src\\Illuminate\\Container\\Container.php(590): Illuminate\\Container\\BoundMethod::call(Object(Illuminate\\Foundation\\Application), Array, Array, NULL)
#19 D:\\Projects\\xampp\\htdocs\\abc\\vendor\\laravel\\framework\\src\\Illuminate\\Console\\Command.php(202): Illuminate\\Container\\Container->call(Array)
#20 D:\\Projects\\xampp\\htdocs\\abc\\vendor\\symfony\\console\\Command\\Command.php(255): Illuminate\\Console\\Command->execute(Object(Symfony\\Component\\Console\\Input\\ArgvInput), Object(Illuminate\\Console\\OutputStyle))
#21 D:\\Projects\\xampp\\htdocs\\abc\\vendor\\laravel\\framework\\src\\Illuminate\\Console\\Command.php(189): Symfony\\Component\\Console\\Command\\Command->run(Object(Symfony\\Component\\Console\\Input\\ArgvInput), Object(Illuminate\\Console\\OutputStyle))
#22 D:\\Projects\\xampp\\htdocs\\abc\\vendor\\symfony\\console\\Application.php(1011): Illuminate\\Console\\Command->run(Object(Symfony\\Component\\Console\\Input\\ArgvInput), Object(Symfony\\Component\\Console\\Output\\ConsoleOutput))
#23 D:\\Projects\\xampp\\htdocs\\abc\\vendor\\symfony\\console\\Application.php(272): Symfony\\Component\\Console\\Application->doRunCommand(Object(Illuminate\\Database\\Console\\Migrations\\MigrateCommand), Object(Symfony\\Component\\Console\\Input\\ArgvInput), Object(Symfony\\Component\\Console\\Output\\ConsoleOutput))
#24 D:\\Projects\\xampp\\htdocs\\abc\\vendor\\symfony\\console\\Application.php(148): Symfony\\Component\\Console\\Application->doRun(Object(Symfony\\Component\\Console\\Input\\ArgvInput), Object(Symfony\\Component\\Console\\Output\\ConsoleOutput))
#25 D:\\Projects\\xampp\\htdocs\\abc\\vendor\\laravel\\framework\\src\\Illuminate\\Console\\Application.php(93): Symfony\\Component\\Console\\Application->run(Object(Symfony\\Component\\Console\\Input\\ArgvInput), Object(Symfony\\Component\\Console\\Output\\ConsoleOutput))
#26 D:\\Projects\\xampp\\htdocs\\abc\\vendor\\laravel\\framework\\src\\Illuminate\\Foundation\\Console\\Kernel.php(131): Illuminate\\Console\\Application->run(Object(Symfony\\Component\\Console\\Input\\ArgvInput), Object(Symfony\\Component\\Console\\Output\\ConsoleOutput))
#27 D:\\Projects\\xampp\\htdocs\\abc\\artisan(37): Illuminate\\Foundation\\Console\\Kernel->handle(Object(Symfony\\Component\\Console\\Input\\ArgvInput), Object(Symfony\\Component\\Console\\Output\\ConsoleOutput))
#28 {main}

[previous exception] [object] (PDOException(code: 42S01): SQLSTATE[42S01]: Base table or view already exists: 1050 Table 'users' already exists at D:\\Projects\\xampp\\htdocs\\abc\\vendor\\laravel\\framework\\src\\Illuminate\\Database\\Connection.php:463)
[stacktrace]
#0 D:\\Projects\\xampp\\htdocs\\abc\\vendor\\laravel\\framework\\src\\Illuminate\\Database\\Connection.php(463): PDOStatement->execute()
#1 D:\\Projects\\xampp\\htdocs\\abc\\vendor\\laravel\\framework\\src\\Illuminate\\Database\\Connection.php(662): Illuminate\\Database\\Connection->Illuminate\\Database\\{closure}('create table `u...', Array)
#2 D:\\Projects\\xampp\\htdocs\\abc\\vendor\\laravel\\framework\\src\\Illuminate\\Database\\Connection.php(629): Illuminate\\Database\\Connection->runQueryCallback('create table `u...', Array, Object(Closure))
#3 D:\\Projects\\xampp\\htdocs\\abc\\vendor\\laravel\\framework\\src\\Illuminate\\Database\\Connection.php(464): Illuminate\\Database\\Connection->run('create table `u...', Array, Object(Closure))
#4 D:\\Projects\\xampp\\htdocs\\abc\\vendor\\laravel\\framework\\src\\Illuminate\\Database\\Schema\\Blueprint.php(97): Illuminate\\Database\\Connection->statement('create table `u...')
#5 D:\\Projects\\xampp\\htdocs\\abc\\vendor\\laravel\\framework\\src\\Illuminate\\Database\\Schema\\Builder.php(290): Illuminate\\Database\\Schema\\Blueprint->build(Object(Illuminate\\Database\\MySqlConnection), Object(Illuminate\\Database\\Schema\\Grammars\\MySqlGrammar))
#6 D:\\Projects\\xampp\\htdocs\\abc\\vendor\\laravel\\framework\\src\\Illuminate\\Database\\Schema\\Builder.php(167): Illuminate\\Database\\Schema\\Builder->build(Object(Illuminate\\Database\\Schema\\Blueprint))
#7 D:\\Projects\\xampp\\htdocs\\abc\\vendor\\laravel\\framework\\src\\Illuminate\\Support\\Facades\\Facade.php(261): Illuminate\\Database\\Schema\\Builder->create('users', Object(Closure))
#8 D:\\Projects\\xampp\\htdocs\\abc\\database\\migrations\\2014_10_12_000000_create_users_table.php(24): Illuminate\\Support\\Facades\\Facade::__callStatic('create', Array)
#9 D:\\Projects\\xampp\\htdocs\\abc\\vendor\\laravel\\framework\\src\\Illuminate\\Database\\Migrations\\Migrator.php(387): CreateUsersTable->up()
#10 D:\\Projects\\xampp\\htdocs\\abc\\vendor\\laravel\\framework\\src\\Illuminate\\Database\\Migrations\\Migrator.php(396): Illuminate\\Database\\Migrations\\Migrator->Illuminate\\Database\\Migrations\\{closure}()
#11 D:\\Projects\\xampp\\htdocs\\abc\\vendor\\laravel\\framework\\src\\Illuminate\\Database\\Migrations\\Migrator.php(197): Illuminate\\Database\\Migrations\\Migrator->runMigration(Object(CreateUsersTable), 'up')
#12 D:\\Projects\\xampp\\htdocs\\abc\\vendor\\laravel\\framework\\src\\Illuminate\\Database\\Migrations\\Migrator.php(162): Illuminate\\Database\\Migrations\\Migrator->runUp('D:\\\\Projects\\\\xam...', 1, false)
#13 D:\\Projects\\xampp\\htdocs\\abc\\vendor\\laravel\\framework\\src\\Illuminate\\Database\\Migrations\\Migrator.php(109): Illuminate\\Database\\Migrations\\Migrator->runPending(Array, Array)
#14 D:\\Projects\\xampp\\htdocs\\abc\\vendor\\laravel\\framework\\src\\Illuminate\\Database\\Console\\Migrations\\MigrateCommand.php(71): Illuminate\\Database\\Migrations\\Migrator->run(Array, Array)
#15 [internal function]: Illuminate\\Database\\Console\\Migrations\\MigrateCommand->handle()
#16 D:\\Projects\\xampp\\htdocs\\abc\\vendor\\laravel\\framework\\src\\Illuminate\\Container\\BoundMethod.php(32): call_user_func_array(Array, Array)
#17 D:\\Projects\\xampp\\htdocs\\abc\\vendor\\laravel\\framework\\src\\Illuminate\\Container\\Util.php(36): Illuminate\\Container\\BoundMethod::Illuminate\\Container\\{closure}()
#18 D:\\Projects\\xampp\\htdocs\\abc\\vendor\\laravel\\framework\\src\\Illuminate\\Container\\BoundMethod.php(90): Illuminate\\Container\\Util::unwrapIfClosure(Object(Closure))
#19 D:\\Projects\\xampp\\htdocs\\abc\\vendor\\laravel\\framework\\src\\Illuminate\\Container\\BoundMethod.php(34): Illuminate\\Container\\BoundMethod::callBoundMethod(Object(Illuminate\\Foundation\\Application), Array, Object(Closure))
#20 D:\\Projects\\xampp\\htdocs\\abc\\vendor\\laravel\\framework\\src\\Illuminate\\Container\\Container.php(590): Illuminate\\Container\\BoundMethod::call(Object(Illuminate\\Foundation\\Application), Array, Array, NULL)
#21 D:\\Projects\\xampp\\htdocs\\abc\\vendor\\laravel\\framework\\src\\Illuminate\\Console\\Command.php(202): Illuminate\\Container\\Container->call(Array)
#22 D:\\Projects\\xampp\\htdocs\\abc\\vendor\\symfony\\console\\Command\\Command.php(255): Illuminate\\Console\\Command->execute(Object(Symfony\\Component\\Console\\Input\\ArgvInput), Object(Illuminate\\Console\\OutputStyle))
#23 D:\\Projects\\xampp\\htdocs\\abc\\vendor\\laravel\\framework\\src\\Illuminate\\Console\\Command.php(189): Symfony\\Component\\Console\\Command\\Command->run(Object(Symfony\\Component\\Console\\Input\\ArgvInput), Object(Illuminate\\Console\\OutputStyle))
#24 D:\\Projects\\xampp\\htdocs\\abc\\vendor\\symfony\\console\\Application.php(1011): Illuminate\\Console\\Command->run(Object(Symfony\\Component\\Console\\Input\\ArgvInput), Object(Symfony\\Component\\Console\\Output\\ConsoleOutput))
#25 D:\\Projects\\xampp\\htdocs\\abc\\vendor\\symfony\\console\\Application.php(272): Symfony\\Component\\Console\\Application->doRunCommand(Object(Illuminate\\Database\\Console\\Migrations\\MigrateCommand), Object(Symfony\\Component\\Console\\Input\\ArgvInput), Object(Symfony\\Component\\Console\\Output\\ConsoleOutput))
#26 D:\\Projects\\xampp\\htdocs\\abc\\vendor\\symfony\\console\\Application.php(148): Symfony\\Component\\Console\\Application->doRun(Object(Symfony\\Component\\Console\\Input\\ArgvInput), Object(Symfony\\Component\\Console\\Output\\ConsoleOutput))
#27 D:\\Projects\\xampp\\htdocs\\abc\\vendor\\laravel\\framework\\src\\Illuminate\\Console\\Application.php(93): Symfony\\Component\\Console\\Application->run(Object(Symfony\\Component\\Console\\Input\\ArgvInput), Object(Symfony\\Component\\Console\\Output\\ConsoleOutput))
#28 D:\\Projects\\xampp\\htdocs\\abc\\vendor\\laravel\\framework\\src\\Illuminate\\Foundation\\Console\\Kernel.php(131): Illuminate\\Console\\Application->run(Object(Symfony\\Component\\Console\\Input\\ArgvInput), Object(Symfony\\Component\\Console\\Output\\ConsoleOutput))
#29 D:\\Projects\\xampp\\htdocs\\abc\\artisan(37): Illuminate\\Foundation\\Console\\Kernel->handle(Object(Symfony\\Component\\Console\\Input\\ArgvInput), Object(Symfony\\Component\\Console\\Output\\ConsoleOutput))
#30 {main}
"} 
[2019-12-15 15:20:58] local.ERROR: syntax error, unexpected ';', expecting ',' or ')' {"exception":"[object] (Symfony\\Component\\Debug\\Exception\\FatalThrowableError(code: 0): syntax error, unexpected ';', expecting ',' or ')' at D:\\Projects\\xampp\\htdocs\\abc\\vendor\\laravel\\framework\\src\\Illuminate\\Foundation\\Auth\\RegistersUsers.php:35)
[stacktrace]
#0 D:\\Projects\\xampp\\htdocs\\abc\\vendor\\composer\\ClassLoader.php(322): Composer\\Autoload\\includeFile('D:\\\\Projects\\\\xam...')
#1 [internal function]: Composer\\Autoload\\ClassLoader->loadClass('Illuminate\\\\Foun...')
#2 D:\\Projects\\xampp\\htdocs\\abc\\app\\Http\\Controllers\\Auth\\RegisterController.php(24): spl_autoload_call('Illuminate\\\\Foun...')
#3 D:\\Projects\\xampp\\htdocs\\abc\\vendor\\composer\\ClassLoader.php(444): include('D:\\\\Projects\\\\xam...')
#4 D:\\Projects\\xampp\\htdocs\\abc\\vendor\\composer\\ClassLoader.php(322): Composer\\Autoload\\includeFile('D:\\\\Projects\\\\xam...')
#5 [internal function]: Composer\\Autoload\\ClassLoader->loadClass('App\\\\Http\\\\Contro...')
#6 [internal function]: spl_autoload_call('App\\\\Http\\\\Contro...')
#7 D:\\Projects\\xampp\\htdocs\\abc\\vendor\\laravel\\framework\\src\\Illuminate\\Container\\Container.php(803): ReflectionClass->__construct('App\\\\Http\\\\Contro...')
#8 D:\\Projects\\xampp\\htdocs\\abc\\vendor\\laravel\\framework\\src\\Illuminate\\Container\\Container.php(681): Illuminate\\Container\\Container->build('App\\\\Http\\\\Contro...')
#9 D:\\Projects\\xampp\\htdocs\\abc\\vendor\\laravel\\framework\\src\\Illuminate\\Container\\Container.php(629): Illuminate\\Container\\Container->resolve('App\\\\Http\\\\Contro...', Array)
#10 D:\\Projects\\xampp\\htdocs\\abc\\vendor\\laravel\\framework\\src\\Illuminate\\Foundation\\Application.php(769): Illuminate\\Container\\Container->make('App\\\\Http\\\\Contro...', Array)
#11 D:\\Projects\\xampp\\htdocs\\abc\\vendor\\laravel\\framework\\src\\Illuminate\\Routing\\Route.php(233): Illuminate\\Foundation\\Application->make('App\\\\Http\\\\Contro...')
#12 D:\\Projects\\xampp\\htdocs\\abc\\vendor\\laravel\\framework\\src\\Illuminate\\Routing\\Route.php(833): Illuminate\\Routing\\Route->getController()
#13 D:\\Projects\\xampp\\htdocs\\abc\\vendor\\laravel\\framework\\src\\Illuminate\\Routing\\Route.php(794): Illuminate\\Routing\\Route->controllerMiddleware()
#14 D:\\Projects\\xampp\\htdocs\\abc\\vendor\\laravel\\framework\\src\\Illuminate\\Routing\\Router.php(694): Illuminate\\Routing\\Route->gatherMiddleware()
#15 D:\\Projects\\xampp\\htdocs\\abc\\vendor\\laravel\\framework\\src\\Illuminate\\Routing\\Router.php(674): Illuminate\\Routing\\Router->gatherRouteMiddleware(Object(Illuminate\\Routing\\Route))
#16 D:\\Projects\\xampp\\htdocs\\abc\\vendor\\laravel\\framework\\src\\Illuminate\\Routing\\Router.php(658): Illuminate\\Routing\\Router->runRouteWithinStack(Object(Illuminate\\Routing\\Route), Object(Illuminate\\Http\\Request))
#17 D:\\Projects\\xampp\\htdocs\\abc\\vendor\\laravel\\framework\\src\\Illuminate\\Routing\\Router.php(624): Illuminate\\Routing\\Router->runRoute(Object(Illuminate\\Http\\Request), Object(Illuminate\\Routing\\Route))
#18 D:\\Projects\\xampp\\htdocs\\abc\\vendor\\laravel\\framework\\src\\Illuminate\\Routing\\Router.php(613): Illuminate\\Routing\\Router->dispatchToRoute(Object(Illuminate\\Http\\Request))
#19 D:\\Projects\\xampp\\htdocs\\abc\\vendor\\laravel\\framework\\src\\Illuminate\\Foundation\\Http\\Kernel.php(177): Illuminate\\Routing\\Router->dispatch(Object(Illuminate\\Http\\Request))
#20 D:\\Projects\\xampp\\htdocs\\abc\\vendor\\laravel\\framework\\src\\Illuminate\\Pipeline\\Pipeline.php(130): Illuminate\\Foundation\\Http\\Kernel->Illuminate\\Foundation\\Http\\{closure}(Object(Illuminate\\Http\\Request))
#21 D:\\Projects\\xampp\\htdocs\\abc\\vendor\\laravel\\framework\\src\\Illuminate\\Foundation\\Http\\Middleware\\TransformsRequest.php(21): Illuminate\\Pipeline\\Pipeline->Illuminate\\Pipeline\\{closure}(Object(Illuminate\\Http\\Request))
#22 D:\\Projects\\xampp\\htdocs\\abc\\vendor\\laravel\\framework\\src\\Illuminate\\Pipeline\\Pipeline.php(171): Illuminate\\Foundation\\Http\\Middleware\\TransformsRequest->handle(Object(Illuminate\\Http\\Request), Object(Closure))
#23 D:\\Projects\\xampp\\htdocs\\abc\\vendor\\laravel\\framework\\src\\Illuminate\\Foundation\\Http\\Middleware\\TransformsRequest.php(21): Illuminate\\Pipeline\\Pipeline->Illuminate\\Pipeline\\{closure}(Object(Illuminate\\Http\\Request))
#24 D:\\Projects\\xampp\\htdocs\\abc\\vendor\\laravel\\framework\\src\\Illuminate\\Pipeline\\Pipeline.php(171): Illuminate\\Foundation\\Http\\Middleware\\TransformsRequest->handle(Object(Illuminate\\Http\\Request), Object(Closure))
#25 D:\\Projects\\xampp\\htdocs\\abc\\vendor\\laravel\\framework\\src\\Illuminate\\Foundation\\Http\\Middleware\\ValidatePostSize.php(27): Illuminate\\Pipeline\\Pipeline->Illuminate\\Pipeline\\{closure}(Object(Illuminate\\Http\\Request))
#26 D:\\Projects\\xampp\\htdocs\\abc\\vendor\\laravel\\framework\\src\\Illuminate\\Pipeline\\Pipeline.php(171): Illuminate\\Foundation\\Http\\Middleware\\ValidatePostSize->handle(Object(Illuminate\\Http\\Request), Object(Closure))
#27 D:\\Projects\\xampp\\htdocs\\abc\\vendor\\laravel\\framework\\src\\Illuminate\\Foundation\\Http\\Middleware\\CheckForMaintenanceMode.php(62): Illuminate\\Pipeline\\Pipeline->Illuminate\\Pipeline\\{closure}(Object(Illuminate\\Http\\Request))
#28 D:\\Projects\\xampp\\htdocs\\abc\\vendor\\laravel\\framework\\src\\Illuminate\\Pipeline\\Pipeline.php(171): Illuminate\\Foundation\\Http\\Middleware\\CheckForMaintenanceMode->handle(Object(Illuminate\\Http\\Request), Object(Closure))
#29 D:\\Projects\\xampp\\htdocs\\abc\\vendor\\fideloper\\proxy\\src\\TrustProxies.php(57): Illuminate\\Pipeline\\Pipeline->Illuminate\\Pipeline\\{closure}(Object(Illuminate\\Http\\Request))
#30 D:\\Projects\\xampp\\htdocs\\abc\\vendor\\laravel\\framework\\src\\Illuminate\\Pipeline\\Pipeline.php(171): Fideloper\\Proxy\\TrustProxies->handle(Object(Illuminate\\Http\\Request), Object(Closure))
#31 D:\\Projects\\xampp\\htdocs\\abc\\vendor\\laravel\\framework\\src\\Illuminate\\Pipeline\\Pipeline.php(105): Illuminate\\Pipeline\\Pipeline->Illuminate\\Pipeline\\{closure}(Object(Illuminate\\Http\\Request))
#32 D:\\Projects\\xampp\\htdocs\\abc\\vendor\\laravel\\framework\\src\\Illuminate\\Foundation\\Http\\Kernel.php(152): Illuminate\\Pipeline\\Pipeline->then(Object(Closure))
#33 D:\\Projects\\xampp\\htdocs\\abc\\vendor\\laravel\\framework\\src\\Illuminate\\Foundation\\Http\\Kernel.php(117): Illuminate\\Foundation\\Http\\Kernel->sendRequestThroughRouter(Object(Illuminate\\Http\\Request))
#34 D:\\Projects\\xampp\\htdocs\\abc\\public\\index.php(55): Illuminate\\Foundation\\Http\\Kernel->handle(Object(Illuminate\\Http\\Request))
#35 {main}
"} 
[2019-12-15 15:21:30] local.ERROR: Argument 1 passed to App\Http\Controllers\Auth\RegisterController::validator() must be of the type array, object given, called in D:\Projects\xampp\htdocs\abc\vendor\laravel\framework\src\Illuminate\Foundation\Auth\RegistersUsers.php on line 32 {"exception":"[object] (Symfony\\Component\\Debug\\Exception\\FatalThrowableError(code: 0): Argument 1 passed to App\\Http\\Controllers\\Auth\\RegisterController::validator() must be of the type array, object given, called in D:\\Projects\\xampp\\htdocs\\abc\\vendor\\laravel\\framework\\src\\Illuminate\\Foundation\\Auth\\RegistersUsers.php on line 32 at D:\\Projects\\xampp\\htdocs\\abc\\app\\Http\\Controllers\\Auth\\RegisterController.php:49)
[stacktrace]
#0 D:\\Projects\\xampp\\htdocs\\abc\\vendor\\laravel\\framework\\src\\Illuminate\\Foundation\\Auth\\RegistersUsers.php(32): App\\Http\\Controllers\\Auth\\RegisterController->validator(Object(Illuminate\\Http\\Request), Array)
#1 [internal function]: App\\Http\\Controllers\\Auth\\RegisterController->register(Object(Illuminate\\Http\\Request))
#2 D:\\Projects\\xampp\\htdocs\\abc\\vendor\\laravel\\framework\\src\\Illuminate\\Routing\\Controller.php(54): call_user_func_array(Array, Array)
#3 D:\\Projects\\xampp\\htdocs\\abc\\vendor\\laravel\\framework\\src\\Illuminate\\Routing\\ControllerDispatcher.php(45): Illuminate\\Routing\\Controller->callAction('register', Array)
#4 D:\\Projects\\xampp\\htdocs\\abc\\vendor\\laravel\\framework\\src\\Illuminate\\Routing\\Route.php(219): Illuminate\\Routing\\ControllerDispatcher->dispatch(Object(Illuminate\\Routing\\Route), Object(App\\Http\\Controllers\\Auth\\RegisterController), 'register')
#5 D:\\Projects\\xampp\\htdocs\\abc\\vendor\\laravel\\framework\\src\\Illuminate\\Routing\\Route.php(176): Illuminate\\Routing\\Route->runController()
#6 D:\\Projects\\xampp\\htdocs\\abc\\vendor\\laravel\\framework\\src\\Illuminate\\Routing\\Router.php(681): Illuminate\\Routing\\Route->run()
#7 D:\\Projects\\xampp\\htdocs\\abc\\vendor\\laravel\\framework\\src\\Illuminate\\Pipeline\\Pipeline.php(130): Illuminate\\Routing\\Router->Illuminate\\Routing\\{closure}(Object(Illuminate\\Http\\Request))
#8 D:\\Projects\\xampp\\htdocs\\abc\\app\\Http\\Middleware\\RedirectIfAuthenticated.php(24): Illuminate\\Pipeline\\Pipeline->Illuminate\\Pipeline\\{closure}(Object(Illuminate\\Http\\Request))
#9 D:\\Projects\\xampp\\htdocs\\abc\\vendor\\laravel\\framework\\src\\Illuminate\\Pipeline\\Pipeline.php(171): App\\Http\\Middleware\\RedirectIfAuthenticated->handle(Object(Illuminate\\Http\\Request), Object(Closure))
#10 D:\\Projects\\xampp\\htdocs\\abc\\vendor\\laravel\\framework\\src\\Illuminate\\Routing\\Middleware\\SubstituteBindings.php(41): Illuminate\\Pipeline\\Pipeline->Illuminate\\Pipeline\\{closure}(Object(Illuminate\\Http\\Request))
#11 D:\\Projects\\xampp\\htdocs\\abc\\vendor\\laravel\\framework\\src\\Illuminate\\Pipeline\\Pipeline.php(171): Illuminate\\Routing\\Middleware\\SubstituteBindings->handle(Object(Illuminate\\Http\\Request), Object(Closure))
#12 D:\\Projects\\xampp\\htdocs\\abc\\vendor\\laravel\\framework\\src\\Illuminate\\Foundation\\Http\\Middleware\\VerifyCsrfToken.php(76): Illuminate\\Pipeline\\Pipeline->Illuminate\\Pipeline\\{closure}(Object(Illuminate\\Http\\Request))
#13 D:\\Projects\\xampp\\htdocs\\abc\\vendor\\laravel\\framework\\src\\Illuminate\\Pipeline\\Pipeline.php(171): Illuminate\\Foundation\\Http\\Middleware\\VerifyCsrfToken->handle(Object(Illuminate\\Http\\Request), Object(Closure))
#14 D:\\Projects\\xampp\\htdocs\\abc\\vendor\\laravel\\framework\\src\\Illuminate\\View\\Middleware\\ShareErrorsFromSession.php(49): Illuminate\\Pipeline\\Pipeline->Illuminate\\Pipeline\\{closure}(Object(Illuminate\\Http\\Request))
#15 D:\\Projects\\xampp\\htdocs\\abc\\vendor\\laravel\\framework\\src\\Illuminate\\Pipeline\\Pipeline.php(171): Illuminate\\View\\Middleware\\ShareErrorsFromSession->handle(Object(Illuminate\\Http\\Request), Object(Closure))
#16 D:\\Projects\\xampp\\htdocs\\abc\\vendor\\laravel\\framework\\src\\Illuminate\\Session\\Middleware\\StartSession.php(56): Illuminate\\Pipeline\\Pipeline->Illuminate\\Pipeline\\{closure}(Object(Illuminate\\Http\\Request))
#17 D:\\Projects\\xampp\\htdocs\\abc\\vendor\\laravel\\framework\\src\\Illuminate\\Pipeline\\Pipeline.php(171): Illuminate\\Session\\Middleware\\StartSession->handle(Object(Illuminate\\Http\\Request), Object(Closure))
#18 D:\\Projects\\xampp\\htdocs\\abc\\vendor\\laravel\\framework\\src\\Illuminate\\Cookie\\Middleware\\AddQueuedCookiesToResponse.php(37): Illuminate\\Pipeline\\Pipeline->Illuminate\\Pipeline\\{closure}(Object(Illuminate\\Http\\Request))
#19 D:\\Projects\\xampp\\htdocs\\abc\\vendor\\laravel\\framework\\src\\Illuminate\\Pipeline\\Pipeline.php(171): Illuminate\\Cookie\\Middleware\\AddQueuedCookiesToResponse->handle(Object(Illuminate\\Http\\Request), Object(Closure))
#20 D:\\Projects\\xampp\\htdocs\\abc\\vendor\\laravel\\framework\\src\\Illuminate\\Cookie\\Middleware\\EncryptCookies.php(66): Illuminate\\Pipeline\\Pipeline->Illuminate\\Pipeline\\{closure}(Object(Illuminate\\Http\\Request))
#21 D:\\Projects\\xampp\\htdocs\\abc\\vendor\\laravel\\framework\\src\\Illuminate\\Pipeline\\Pipeline.php(171): Illuminate\\Cookie\\Middleware\\EncryptCookies->handle(Object(Illuminate\\Http\\Request), Object(Closure))
#22 D:\\Projects\\xampp\\htdocs\\abc\\vendor\\laravel\\framework\\src\\Illuminate\\Pipeline\\Pipeline.php(105): Illuminate\\Pipeline\\Pipeline->Illuminate\\Pipeline\\{closure}(Object(Illuminate\\Http\\Request))
#23 D:\\Projects\\xampp\\htdocs\\abc\\vendor\\laravel\\framework\\src\\Illuminate\\Routing\\Router.php(683): Illuminate\\Pipeline\\Pipeline->then(Object(Closure))
#24 D:\\Projects\\xampp\\htdocs\\abc\\vendor\\laravel\\framework\\src\\Illuminate\\Routing\\Router.php(658): Illuminate\\Routing\\Router->runRouteWithinStack(Object(Illuminate\\Routing\\Route), Object(Illuminate\\Http\\Request))
#25 D:\\Projects\\xampp\\htdocs\\abc\\vendor\\laravel\\framework\\src\\Illuminate\\Routing\\Router.php(624): Illuminate\\Routing\\Router->runRoute(Object(Illuminate\\Http\\Request), Object(Illuminate\\Routing\\Route))
#26 D:\\Projects\\xampp\\htdocs\\abc\\vendor\\laravel\\framework\\src\\Illuminate\\Routing\\Router.php(613): Illuminate\\Routing\\Router->dispatchToRoute(Object(Illuminate\\Http\\Request))
#27 D:\\Projects\\xampp\\htdocs\\abc\\vendor\\laravel\\framework\\src\\Illuminate\\Foundation\\Http\\Kernel.php(177): Illuminate\\Routing\\Router->dispatch(Object(Illuminate\\Http\\Request))
#28 D:\\Projects\\xampp\\htdocs\\abc\\vendor\\laravel\\framework\\src\\Illuminate\\Pipeline\\Pipeline.php(130): Illuminate\\Foundation\\Http\\Kernel->Illuminate\\Foundation\\Http\\{closure}(Object(Illuminate\\Http\\Request))
#29 D:\\Projects\\xampp\\htdocs\\abc\\vendor\\laravel\\framework\\src\\Illuminate\\Foundation\\Http\\Middleware\\TransformsRequest.php(21): Illuminate\\Pipeline\\Pipeline->Illuminate\\Pipeline\\{closure}(Object(Illuminate\\Http\\Request))
#30 D:\\Projects\\xampp\\htdocs\\abc\\vendor\\laravel\\framework\\src\\Illuminate\\Pipeline\\Pipeline.php(171): Illuminate\\Foundation\\Http\\Middleware\\TransformsRequest->handle(Object(Illuminate\\Http\\Request), Object(Closure))
#31 D:\\Projects\\xampp\\htdocs\\abc\\vendor\\laravel\\framework\\src\\Illuminate\\Foundation\\Http\\Middleware\\TransformsRequest.php(21): Illuminate\\Pipeline\\Pipeline->Illuminate\\Pipeline\\{closure}(Object(Illuminate\\Http\\Request))
#32 D:\\Projects\\xampp\\htdocs\\abc\\vendor\\laravel\\framework\\src\\Illuminate\\Pipeline\\Pipeline.php(171): Illuminate\\Foundation\\Http\\Middleware\\TransformsRequest->handle(Object(Illuminate\\Http\\Request), Object(Closure))
#33 D:\\Projects\\xampp\\htdocs\\abc\\vendor\\laravel\\framework\\src\\Illuminate\\Foundation\\Http\\Middleware\\ValidatePostSize.php(27): Illuminate\\Pipeline\\Pipeline->Illuminate\\Pipeline\\{closure}(Object(Illuminate\\Http\\Request))
#34 D:\\Projects\\xampp\\htdocs\\abc\\vendor\\laravel\\framework\\src\\Illuminate\\Pipeline\\Pipeline.php(171): Illuminate\\Foundation\\Http\\Middleware\\ValidatePostSize->handle(Object(Illuminate\\Http\\Request), Object(Closure))
#35 D:\\Projects\\xampp\\htdocs\\abc\\vendor\\laravel\\framework\\src\\Illuminate\\Foundation\\Http\\Middleware\\CheckForMaintenanceMode.php(62): Illuminate\\Pipeline\\Pipeline->Illuminate\\Pipeline\\{closure}(Object(Illuminate\\Http\\Request))
#36 D:\\Projects\\xampp\\htdocs\\abc\\vendor\\laravel\\framework\\src\\Illuminate\\Pipeline\\Pipeline.php(171): Illuminate\\Foundation\\Http\\Middleware\\CheckForMaintenanceMode->handle(Object(Illuminate\\Http\\Request), Object(Closure))
#37 D:\\Projects\\xampp\\htdocs\\abc\\vendor\\fideloper\\proxy\\src\\TrustProxies.php(57): Illuminate\\Pipeline\\Pipeline->Illuminate\\Pipeline\\{closure}(Object(Illuminate\\Http\\Request))
#38 D:\\Projects\\xampp\\htdocs\\abc\\vendor\\laravel\\framework\\src\\Illuminate\\Pipeline\\Pipeline.php(171): Fideloper\\Proxy\\TrustProxies->handle(Object(Illuminate\\Http\\Request), Object(Closure))
#39 D:\\Projects\\xampp\\htdocs\\abc\\vendor\\laravel\\framework\\src\\Illuminate\\Pipeline\\Pipeline.php(105): Illuminate\\Pipeline\\Pipeline->Illuminate\\Pipeline\\{closure}(Object(Illuminate\\Http\\Request))
#40 D:\\Projects\\xampp\\htdocs\\abc\\vendor\\laravel\\framework\\src\\Illuminate\\Foundation\\Http\\Kernel.php(152): Illuminate\\Pipeline\\Pipeline->then(Object(Closure))
#41 D:\\Projects\\xampp\\htdocs\\abc\\vendor\\laravel\\framework\\src\\Illuminate\\Foundation\\Http\\Kernel.php(117): Illuminate\\Foundation\\Http\\Kernel->sendRequestThroughRouter(Object(Illuminate\\Http\\Request))
#42 D:\\Projects\\xampp\\htdocs\\abc\\public\\index.php(55): Illuminate\\Foundation\\Http\\Kernel->handle(Object(Illuminate\\Http\\Request))
#43 {main}
"} 
[2019-12-15 15:22:55] local.ERROR: Argument 1 passed to App\Http\Controllers\Auth\RegisterController::validator() must be of the type array, object given, called in D:\Projects\xampp\htdocs\abc\vendor\laravel\framework\src\Illuminate\Foundation\Auth\RegistersUsers.php on line 31 {"exception":"[object] (Symfony\\Component\\Debug\\Exception\\FatalThrowableError(code: 0): Argument 1 passed to App\\Http\\Controllers\\Auth\\RegisterController::validator() must be of the type array, object given, called in D:\\Projects\\xampp\\htdocs\\abc\\vendor\\laravel\\framework\\src\\Illuminate\\Foundation\\Auth\\RegistersUsers.php on line 31 at D:\\Projects\\xampp\\htdocs\\abc\\app\\Http\\Controllers\\Auth\\RegisterController.php:49)
[stacktrace]
#0 D:\\Projects\\xampp\\htdocs\\abc\\vendor\\laravel\\framework\\src\\Illuminate\\Foundation\\Auth\\RegistersUsers.php(31): App\\Http\\Controllers\\Auth\\RegisterController->validator(Object(Illuminate\\Http\\Request), Array)
#1 [internal function]: App\\Http\\Controllers\\Auth\\RegisterController->register(Object(Illuminate\\Http\\Request))
#2 D:\\Projects\\xampp\\htdocs\\abc\\vendor\\laravel\\framework\\src\\Illuminate\\Routing\\Controller.php(54): call_user_func_array(Array, Array)
#3 D:\\Projects\\xampp\\htdocs\\abc\\vendor\\laravel\\framework\\src\\Illuminate\\Routing\\ControllerDispatcher.php(45): Illuminate\\Routing\\Controller->callAction('register', Array)
#4 D:\\Projects\\xampp\\htdocs\\abc\\vendor\\laravel\\framework\\src\\Illuminate\\Routing\\Route.php(219): Illuminate\\Routing\\ControllerDispatcher->dispatch(Object(Illuminate\\Routing\\Route), Object(App\\Http\\Controllers\\Auth\\RegisterController), 'register')
#5 D:\\Projects\\xampp\\htdocs\\abc\\vendor\\laravel\\framework\\src\\Illuminate\\Routing\\Route.php(176): Illuminate\\Routing\\Route->runController()
#6 D:\\Projects\\xampp\\htdocs\\abc\\vendor\\laravel\\framework\\src\\Illuminate\\Routing\\Router.php(681): Illuminate\\Routing\\Route->run()
#7 D:\\Projects\\xampp\\htdocs\\abc\\vendor\\laravel\\framework\\src\\Illuminate\\Pipeline\\Pipeline.php(130): Illuminate\\Routing\\Router->Illuminate\\Routing\\{closure}(Object(Illuminate\\Http\\Request))
#8 D:\\Projects\\xampp\\htdocs\\abc\\app\\Http\\Middleware\\RedirectIfAuthenticated.php(24): Illuminate\\Pipeline\\Pipeline->Illuminate\\Pipeline\\{closure}(Object(Illuminate\\Http\\Request))
#9 D:\\Projects\\xampp\\htdocs\\abc\\vendor\\laravel\\framework\\src\\Illuminate\\Pipeline\\Pipeline.php(171): App\\Http\\Middleware\\RedirectIfAuthenticated->handle(Object(Illuminate\\Http\\Request), Object(Closure))
#10 D:\\Projects\\xampp\\htdocs\\abc\\vendor\\laravel\\framework\\src\\Illuminate\\Routing\\Middleware\\SubstituteBindings.php(41): Illuminate\\Pipeline\\Pipeline->Illuminate\\Pipeline\\{closure}(Object(Illuminate\\Http\\Request))
#11 D:\\Projects\\xampp\\htdocs\\abc\\vendor\\laravel\\framework\\src\\Illuminate\\Pipeline\\Pipeline.php(171): Illuminate\\Routing\\Middleware\\SubstituteBindings->handle(Object(Illuminate\\Http\\Request), Object(Closure))
#12 D:\\Projects\\xampp\\htdocs\\abc\\vendor\\laravel\\framework\\src\\Illuminate\\Foundation\\Http\\Middleware\\VerifyCsrfToken.php(76): Illuminate\\Pipeline\\Pipeline->Illuminate\\Pipeline\\{closure}(Object(Illuminate\\Http\\Request))
#13 D:\\Projects\\xampp\\htdocs\\abc\\vendor\\laravel\\framework\\src\\Illuminate\\Pipeline\\Pipeline.php(171): Illuminate\\Foundation\\Http\\Middleware\\VerifyCsrfToken->handle(Object(Illuminate\\Http\\Request), Object(Closure))
#14 D:\\Projects\\xampp\\htdocs\\abc\\vendor\\laravel\\framework\\src\\Illuminate\\View\\Middleware\\ShareErrorsFromSession.php(49): Illuminate\\Pipeline\\Pipeline->Illuminate\\Pipeline\\{closure}(Object(Illuminate\\Http\\Request))
#15 D:\\Projects\\xampp\\htdocs\\abc\\vendor\\laravel\\framework\\src\\Illuminate\\Pipeline\\Pipeline.php(171): Illuminate\\View\\Middleware\\ShareErrorsFromSession->handle(Object(Illuminate\\Http\\Request), Object(Closure))
#16 D:\\Projects\\xampp\\htdocs\\abc\\vendor\\laravel\\framework\\src\\Illuminate\\Session\\Middleware\\StartSession.php(56): Illuminate\\Pipeline\\Pipeline->Illuminate\\Pipeline\\{closure}(Object(Illuminate\\Http\\Request))
#17 D:\\Projects\\xampp\\htdocs\\abc\\vendor\\laravel\\framework\\src\\Illuminate\\Pipeline\\Pipeline.php(171): Illuminate\\Session\\Middleware\\StartSession->handle(Object(Illuminate\\Http\\Request), Object(Closure))
#18 D:\\Projects\\xampp\\htdocs\\abc\\vendor\\laravel\\framework\\src\\Illuminate\\Cookie\\Middleware\\AddQueuedCookiesToResponse.php(37): Illuminate\\Pipeline\\Pipeline->Illuminate\\Pipeline\\{closure}(Object(Illuminate\\Http\\Request))
#19 D:\\Projects\\xampp\\htdocs\\abc\\vendor\\laravel\\framework\\src\\Illuminate\\Pipeline\\Pipeline.php(171): Illuminate\\Cookie\\Middleware\\AddQueuedCookiesToResponse->handle(Object(Illuminate\\Http\\Request), Object(Closure))
#20 D:\\Projects\\xampp\\htdocs\\abc\\vendor\\laravel\\framework\\src\\Illuminate\\Cookie\\Middleware\\EncryptCookies.php(66): Illuminate\\Pipeline\\Pipeline->Illuminate\\Pipeline\\{closure}(Object(Illuminate\\Http\\Request))
#21 D:\\Projects\\xampp\\htdocs\\abc\\vendor\\laravel\\framework\\src\\Illuminate\\Pipeline\\Pipeline.php(171): Illuminate\\Cookie\\Middleware\\EncryptCookies->handle(Object(Illuminate\\Http\\Request), Object(Closure))
#22 D:\\Projects\\xampp\\htdocs\\abc\\vendor\\laravel\\framework\\src\\Illuminate\\Pipeline\\Pipeline.php(105): Illuminate\\Pipeline\\Pipeline->Illuminate\\Pipeline\\{closure}(Object(Illuminate\\Http\\Request))
#23 D:\\Projects\\xampp\\htdocs\\abc\\vendor\\laravel\\framework\\src\\Illuminate\\Routing\\Router.php(683): Illuminate\\Pipeline\\Pipeline->then(Object(Closure))
#24 D:\\Projects\\xampp\\htdocs\\abc\\vendor\\laravel\\framework\\src\\Illuminate\\Routing\\Router.php(658): Illuminate\\Routing\\Router->runRouteWithinStack(Object(Illuminate\\Routing\\Route), Object(Illuminate\\Http\\Request))
#25 D:\\Projects\\xampp\\htdocs\\abc\\vendor\\laravel\\framework\\src\\Illuminate\\Routing\\Router.php(624): Illuminate\\Routing\\Router->runRoute(Object(Illuminate\\Http\\Request), Object(Illuminate\\Routing\\Route))
#26 D:\\Projects\\xampp\\htdocs\\abc\\vendor\\laravel\\framework\\src\\Illuminate\\Routing\\Router.php(613): Illuminate\\Routing\\Router->dispatchToRoute(Object(Illuminate\\Http\\Request))
#27 D:\\Projects\\xampp\\htdocs\\abc\\vendor\\laravel\\framework\\src\\Illuminate\\Foundation\\Http\\Kernel.php(177): Illuminate\\Routing\\Router->dispatch(Object(Illuminate\\Http\\Request))
#28 D:\\Projects\\xampp\\htdocs\\abc\\vendor\\laravel\\framework\\src\\Illuminate\\Pipeline\\Pipeline.php(130): Illuminate\\Foundation\\Http\\Kernel->Illuminate\\Foundation\\Http\\{closure}(Object(Illuminate\\Http\\Request))
#29 D:\\Projects\\xampp\\htdocs\\abc\\vendor\\laravel\\framework\\src\\Illuminate\\Foundation\\Http\\Middleware\\TransformsRequest.php(21): Illuminate\\Pipeline\\Pipeline->Illuminate\\Pipeline\\{closure}(Object(Illuminate\\Http\\Request))
#30 D:\\Projects\\xampp\\htdocs\\abc\\vendor\\laravel\\framework\\src\\Illuminate\\Pipeline\\Pipeline.php(171): Illuminate\\Foundation\\Http\\Middleware\\TransformsRequest->handle(Object(Illuminate\\Http\\Request), Object(Closure))
#31 D:\\Projects\\xampp\\htdocs\\abc\\vendor\\laravel\\framework\\src\\Illuminate\\Foundation\\Http\\Middleware\\TransformsRequest.php(21): Illuminate\\Pipeline\\Pipeline->Illuminate\\Pipeline\\{closure}(Object(Illuminate\\Http\\Request))
#32 D:\\Projects\\xampp\\htdocs\\abc\\vendor\\laravel\\framework\\src\\Illuminate\\Pipeline\\Pipeline.php(171): Illuminate\\Foundation\\Http\\Middleware\\TransformsRequest->handle(Object(Illuminate\\Http\\Request), Object(Closure))
#33 D:\\Projects\\xampp\\htdocs\\abc\\vendor\\laravel\\framework\\src\\Illuminate\\Foundation\\Http\\Middleware\\ValidatePostSize.php(27): Illuminate\\Pipeline\\Pipeline->Illuminate\\Pipeline\\{closure}(Object(Illuminate\\Http\\Request))
#34 D:\\Projects\\xampp\\htdocs\\abc\\vendor\\laravel\\framework\\src\\Illuminate\\Pipeline\\Pipeline.php(171): Illuminate\\Foundation\\Http\\Middleware\\ValidatePostSize->handle(Object(Illuminate\\Http\\Request), Object(Closure))
#35 D:\\Projects\\xampp\\htdocs\\abc\\vendor\\laravel\\framework\\src\\Illuminate\\Foundation\\Http\\Middleware\\CheckForMaintenanceMode.php(62): Illuminate\\Pipeline\\Pipeline->Illuminate\\Pipeline\\{closure}(Object(Illuminate\\Http\\Request))
#36 D:\\Projects\\xampp\\htdocs\\abc\\vendor\\laravel\\framework\\src\\Illuminate\\Pipeline\\Pipeline.php(171): Illuminate\\Foundation\\Http\\Middleware\\CheckForMaintenanceMode->handle(Object(Illuminate\\Http\\Request), Object(Closure))
#37 D:\\Projects\\xampp\\htdocs\\abc\\vendor\\fideloper\\proxy\\src\\TrustProxies.php(57): Illuminate\\Pipeline\\Pipeline->Illuminate\\Pipeline\\{closure}(Object(Illuminate\\Http\\Request))
#38 D:\\Projects\\xampp\\htdocs\\abc\\vendor\\laravel\\framework\\src\\Illuminate\\Pipeline\\Pipeline.php(171): Fideloper\\Proxy\\TrustProxies->handle(Object(Illuminate\\Http\\Request), Object(Closure))
#39 D:\\Projects\\xampp\\htdocs\\abc\\vendor\\laravel\\framework\\src\\Illuminate\\Pipeline\\Pipeline.php(105): Illuminate\\Pipeline\\Pipeline->Illuminate\\Pipeline\\{closure}(Object(Illuminate\\Http\\Request))
#40 D:\\Projects\\xampp\\htdocs\\abc\\vendor\\laravel\\framework\\src\\Illuminate\\Foundation\\Http\\Kernel.php(152): Illuminate\\Pipeline\\Pipeline->then(Object(Closure))
#41 D:\\Projects\\xampp\\htdocs\\abc\\vendor\\laravel\\framework\\src\\Illuminate\\Foundation\\Http\\Kernel.php(117): Illuminate\\Foundation\\Http\\Kernel->sendRequestThroughRouter(Object(Illuminate\\Http\\Request))
#42 D:\\Projects\\xampp\\htdocs\\abc\\public\\index.php(55): Illuminate\\Foundation\\Http\\Kernel->handle(Object(Illuminate\\Http\\Request))
#43 {main}
"} 
[2019-12-15 15:23:30] local.ERROR: Argument 1 passed to App\Http\Controllers\Auth\RegisterController::validator() must be of the type array, object given, called in D:\Projects\xampp\htdocs\abc\vendor\laravel\framework\src\Illuminate\Foundation\Auth\RegistersUsers.php on line 31 {"exception":"[object] (Symfony\\Component\\Debug\\Exception\\FatalThrowableError(code: 0): Argument 1 passed to App\\Http\\Controllers\\Auth\\RegisterController::validator() must be of the type array, object given, called in D:\\Projects\\xampp\\htdocs\\abc\\vendor\\laravel\\framework\\src\\Illuminate\\Foundation\\Auth\\RegistersUsers.php on line 31 at D:\\Projects\\xampp\\htdocs\\abc\\app\\Http\\Controllers\\Auth\\RegisterController.php:49)
[stacktrace]
#0 D:\\Projects\\xampp\\htdocs\\abc\\vendor\\laravel\\framework\\src\\Illuminate\\Foundation\\Auth\\RegistersUsers.php(31): App\\Http\\Controllers\\Auth\\RegisterController->validator(Object(Illuminate\\Http\\Request), Array)
#1 [internal function]: App\\Http\\Controllers\\Auth\\RegisterController->register(Object(Illuminate\\Http\\Request))
#2 D:\\Projects\\xampp\\htdocs\\abc\\vendor\\laravel\\framework\\src\\Illuminate\\Routing\\Controller.php(54): call_user_func_array(Array, Array)
#3 D:\\Projects\\xampp\\htdocs\\abc\\vendor\\laravel\\framework\\src\\Illuminate\\Routing\\ControllerDispatcher.php(45): Illuminate\\Routing\\Controller->callAction('register', Array)
#4 D:\\Projects\\xampp\\htdocs\\abc\\vendor\\laravel\\framework\\src\\Illuminate\\Routing\\Route.php(219): Illuminate\\Routing\\ControllerDispatcher->dispatch(Object(Illuminate\\Routing\\Route), Object(App\\Http\\Controllers\\Auth\\RegisterController), 'register')
#5 D:\\Projects\\xampp\\htdocs\\abc\\vendor\\laravel\\framework\\src\\Illuminate\\Routing\\Route.php(176): Illuminate\\Routing\\Route->runController()
#6 D:\\Projects\\xampp\\htdocs\\abc\\vendor\\laravel\\framework\\src\\Illuminate\\Routing\\Router.php(681): Illuminate\\Routing\\Route->run()
#7 D:\\Projects\\xampp\\htdocs\\abc\\vendor\\laravel\\framework\\src\\Illuminate\\Pipeline\\Pipeline.php(130): Illuminate\\Routing\\Router->Illuminate\\Routing\\{closure}(Object(Illuminate\\Http\\Request))
#8 D:\\Projects\\xampp\\htdocs\\abc\\app\\Http\\Middleware\\RedirectIfAuthenticated.php(24): Illuminate\\Pipeline\\Pipeline->Illuminate\\Pipeline\\{closure}(Object(Illuminate\\Http\\Request))
#9 D:\\Projects\\xampp\\htdocs\\abc\\vendor\\laravel\\framework\\src\\Illuminate\\Pipeline\\Pipeline.php(171): App\\Http\\Middleware\\RedirectIfAuthenticated->handle(Object(Illuminate\\Http\\Request), Object(Closure))
#10 D:\\Projects\\xampp\\htdocs\\abc\\vendor\\laravel\\framework\\src\\Illuminate\\Routing\\Middleware\\SubstituteBindings.php(41): Illuminate\\Pipeline\\Pipeline->Illuminate\\Pipeline\\{closure}(Object(Illuminate\\Http\\Request))
#11 D:\\Projects\\xampp\\htdocs\\abc\\vendor\\laravel\\framework\\src\\Illuminate\\Pipeline\\Pipeline.php(171): Illuminate\\Routing\\Middleware\\SubstituteBindings->handle(Object(Illuminate\\Http\\Request), Object(Closure))
#12 D:\\Projects\\xampp\\htdocs\\abc\\vendor\\laravel\\framework\\src\\Illuminate\\Foundation\\Http\\Middleware\\VerifyCsrfToken.php(76): Illuminate\\Pipeline\\Pipeline->Illuminate\\Pipeline\\{closure}(Object(Illuminate\\Http\\Request))
#13 D:\\Projects\\xampp\\htdocs\\abc\\vendor\\laravel\\framework\\src\\Illuminate\\Pipeline\\Pipeline.php(171): Illuminate\\Foundation\\Http\\Middleware\\VerifyCsrfToken->handle(Object(Illuminate\\Http\\Request), Object(Closure))
#14 D:\\Projects\\xampp\\htdocs\\abc\\vendor\\laravel\\framework\\src\\Illuminate\\View\\Middleware\\ShareErrorsFromSession.php(49): Illuminate\\Pipeline\\Pipeline->Illuminate\\Pipeline\\{closure}(Object(Illuminate\\Http\\Request))
#15 D:\\Projects\\xampp\\htdocs\\abc\\vendor\\laravel\\framework\\src\\Illuminate\\Pipeline\\Pipeline.php(171): Illuminate\\View\\Middleware\\ShareErrorsFromSession->handle(Object(Illuminate\\Http\\Request), Object(Closure))
#16 D:\\Projects\\xampp\\htdocs\\abc\\vendor\\laravel\\framework\\src\\Illuminate\\Session\\Middleware\\StartSession.php(56): Illuminate\\Pipeline\\Pipeline->Illuminate\\Pipeline\\{closure}(Object(Illuminate\\Http\\Request))
#17 D:\\Projects\\xampp\\htdocs\\abc\\vendor\\laravel\\framework\\src\\Illuminate\\Pipeline\\Pipeline.php(171): Illuminate\\Session\\Middleware\\StartSession->handle(Object(Illuminate\\Http\\Request), Object(Closure))
#18 D:\\Projects\\xampp\\htdocs\\abc\\vendor\\laravel\\framework\\src\\Illuminate\\Cookie\\Middleware\\AddQueuedCookiesToResponse.php(37): Illuminate\\Pipeline\\Pipeline->Illuminate\\Pipeline\\{closure}(Object(Illuminate\\Http\\Request))
#19 D:\\Projects\\xampp\\htdocs\\abc\\vendor\\laravel\\framework\\src\\Illuminate\\Pipeline\\Pipeline.php(171): Illuminate\\Cookie\\Middleware\\AddQueuedCookiesToResponse->handle(Object(Illuminate\\Http\\Request), Object(Closure))
#20 D:\\Projects\\xampp\\htdocs\\abc\\vendor\\laravel\\framework\\src\\Illuminate\\Cookie\\Middleware\\EncryptCookies.php(66): Illuminate\\Pipeline\\Pipeline->Illuminate\\Pipeline\\{closure}(Object(Illuminate\\Http\\Request))
#21 D:\\Projects\\xampp\\htdocs\\abc\\vendor\\laravel\\framework\\src\\Illuminate\\Pipeline\\Pipeline.php(171): Illuminate\\Cookie\\Middleware\\EncryptCookies->handle(Object(Illuminate\\Http\\Request), Object(Closure))
#22 D:\\Projects\\xampp\\htdocs\\abc\\vendor\\laravel\\framework\\src\\Illuminate\\Pipeline\\Pipeline.php(105): Illuminate\\Pipeline\\Pipeline->Illuminate\\Pipeline\\{closure}(Object(Illuminate\\Http\\Request))
#23 D:\\Projects\\xampp\\htdocs\\abc\\vendor\\laravel\\framework\\src\\Illuminate\\Routing\\Router.php(683): Illuminate\\Pipeline\\Pipeline->then(Object(Closure))
#24 D:\\Projects\\xampp\\htdocs\\abc\\vendor\\laravel\\framework\\src\\Illuminate\\Routing\\Router.php(658): Illuminate\\Routing\\Router->runRouteWithinStack(Object(Illuminate\\Routing\\Route), Object(Illuminate\\Http\\Request))
#25 D:\\Projects\\xampp\\htdocs\\abc\\vendor\\laravel\\framework\\src\\Illuminate\\Routing\\Router.php(624): Illuminate\\Routing\\Router->runRoute(Object(Illuminate\\Http\\Request), Object(Illuminate\\Routing\\Route))
#26 D:\\Projects\\xampp\\htdocs\\abc\\vendor\\laravel\\framework\\src\\Illuminate\\Routing\\Router.php(613): Illuminate\\Routing\\Router->dispatchToRoute(Object(Illuminate\\Http\\Request))
#27 D:\\Projects\\xampp\\htdocs\\abc\\vendor\\laravel\\framework\\src\\Illuminate\\Foundation\\Http\\Kernel.php(177): Illuminate\\Routing\\Router->dispatch(Object(Illuminate\\Http\\Request))
#28 D:\\Projects\\xampp\\htdocs\\abc\\vendor\\laravel\\framework\\src\\Illuminate\\Pipeline\\Pipeline.php(130): Illuminate\\Foundation\\Http\\Kernel->Illuminate\\Foundation\\Http\\{closure}(Object(Illuminate\\Http\\Request))
#29 D:\\Projects\\xampp\\htdocs\\abc\\vendor\\laravel\\framework\\src\\Illuminate\\Foundation\\Http\\Middleware\\TransformsRequest.php(21): Illuminate\\Pipeline\\Pipeline->Illuminate\\Pipeline\\{closure}(Object(Illuminate\\Http\\Request))
#30 D:\\Projects\\xampp\\htdocs\\abc\\vendor\\laravel\\framework\\src\\Illuminate\\Pipeline\\Pipeline.php(171): Illuminate\\Foundation\\Http\\Middleware\\TransformsRequest->handle(Object(Illuminate\\Http\\Request), Object(Closure))
#31 D:\\Projects\\xampp\\htdocs\\abc\\vendor\\laravel\\framework\\src\\Illuminate\\Foundation\\Http\\Middleware\\TransformsRequest.php(21): Illuminate\\Pipeline\\Pipeline->Illuminate\\Pipeline\\{closure}(Object(Illuminate\\Http\\Request))
#32 D:\\Projects\\xampp\\htdocs\\abc\\vendor\\laravel\\framework\\src\\Illuminate\\Pipeline\\Pipeline.php(171): Illuminate\\Foundation\\Http\\Middleware\\TransformsRequest->handle(Object(Illuminate\\Http\\Request), Object(Closure))
#33 D:\\Projects\\xampp\\htdocs\\abc\\vendor\\laravel\\framework\\src\\Illuminate\\Foundation\\Http\\Middleware\\ValidatePostSize.php(27): Illuminate\\Pipeline\\Pipeline->Illuminate\\Pipeline\\{closure}(Object(Illuminate\\Http\\Request))
#34 D:\\Projects\\xampp\\htdocs\\abc\\vendor\\laravel\\framework\\src\\Illuminate\\Pipeline\\Pipeline.php(171): Illuminate\\Foundation\\Http\\Middleware\\ValidatePostSize->handle(Object(Illuminate\\Http\\Request), Object(Closure))
#35 D:\\Projects\\xampp\\htdocs\\abc\\vendor\\laravel\\framework\\src\\Illuminate\\Foundation\\Http\\Middleware\\CheckForMaintenanceMode.php(62): Illuminate\\Pipeline\\Pipeline->Illuminate\\Pipeline\\{closure}(Object(Illuminate\\Http\\Request))
#36 D:\\Projects\\xampp\\htdocs\\abc\\vendor\\laravel\\framework\\src\\Illuminate\\Pipeline\\Pipeline.php(171): Illuminate\\Foundation\\Http\\Middleware\\CheckForMaintenanceMode->handle(Object(Illuminate\\Http\\Request), Object(Closure))
#37 D:\\Projects\\xampp\\htdocs\\abc\\vendor\\fideloper\\proxy\\src\\TrustProxies.php(57): Illuminate\\Pipeline\\Pipeline->Illuminate\\Pipeline\\{closure}(Object(Illuminate\\Http\\Request))
#38 D:\\Projects\\xampp\\htdocs\\abc\\vendor\\laravel\\framework\\src\\Illuminate\\Pipeline\\Pipeline.php(171): Fideloper\\Proxy\\TrustProxies->handle(Object(Illuminate\\Http\\Request), Object(Closure))
#39 D:\\Projects\\xampp\\htdocs\\abc\\vendor\\laravel\\framework\\src\\Illuminate\\Pipeline\\Pipeline.php(105): Illuminate\\Pipeline\\Pipeline->Illuminate\\Pipeline\\{closure}(Object(Illuminate\\Http\\Request))
#40 D:\\Projects\\xampp\\htdocs\\abc\\vendor\\laravel\\framework\\src\\Illuminate\\Foundation\\Http\\Kernel.php(152): Illuminate\\Pipeline\\Pipeline->then(Object(Closure))
#41 D:\\Projects\\xampp\\htdocs\\abc\\vendor\\laravel\\framework\\src\\Illuminate\\Foundation\\Http\\Kernel.php(117): Illuminate\\Foundation\\Http\\Kernel->sendRequestThroughRouter(Object(Illuminate\\Http\\Request))
#42 D:\\Projects\\xampp\\htdocs\\abc\\public\\index.php(55): Illuminate\\Foundation\\Http\\Kernel->handle(Object(Illuminate\\Http\\Request))
#43 {main}
"} 
[2019-12-15 15:24:21] local.ERROR: syntax error, unexpected ';', expecting ',' or ')' {"exception":"[object] (Symfony\\Component\\Debug\\Exception\\FatalThrowableError(code: 0): syntax error, unexpected ';', expecting ',' or ')' at D:\\Projects\\xampp\\htdocs\\abc\\vendor\\laravel\\framework\\src\\Illuminate\\Foundation\\Auth\\RegistersUsers.php:31)
[stacktrace]
#0 D:\\Projects\\xampp\\htdocs\\abc\\vendor\\composer\\ClassLoader.php(322): Composer\\Autoload\\includeFile('D:\\\\Projects\\\\xam...')
#1 [internal function]: Composer\\Autoload\\ClassLoader->loadClass('Illuminate\\\\Foun...')
#2 D:\\Projects\\xampp\\htdocs\\abc\\app\\Http\\Controllers\\Auth\\RegisterController.php(24): spl_autoload_call('Illuminate\\\\Foun...')
#3 D:\\Projects\\xampp\\htdocs\\abc\\vendor\\composer\\ClassLoader.php(444): include('D:\\\\Projects\\\\xam...')
#4 D:\\Projects\\xampp\\htdocs\\abc\\vendor\\composer\\ClassLoader.php(322): Composer\\Autoload\\includeFile('D:\\\\Projects\\\\xam...')
#5 [internal function]: Composer\\Autoload\\ClassLoader->loadClass('App\\\\Http\\\\Contro...')
#6 [internal function]: spl_autoload_call('App\\\\Http\\\\Contro...')
#7 D:\\Projects\\xampp\\htdocs\\abc\\vendor\\laravel\\framework\\src\\Illuminate\\Container\\Container.php(803): ReflectionClass->__construct('App\\\\Http\\\\Contro...')
#8 D:\\Projects\\xampp\\htdocs\\abc\\vendor\\laravel\\framework\\src\\Illuminate\\Container\\Container.php(681): Illuminate\\Container\\Container->build('App\\\\Http\\\\Contro...')
#9 D:\\Projects\\xampp\\htdocs\\abc\\vendor\\laravel\\framework\\src\\Illuminate\\Container\\Container.php(629): Illuminate\\Container\\Container->resolve('App\\\\Http\\\\Contro...', Array)
#10 D:\\Projects\\xampp\\htdocs\\abc\\vendor\\laravel\\framework\\src\\Illuminate\\Foundation\\Application.php(769): Illuminate\\Container\\Container->make('App\\\\Http\\\\Contro...', Array)
#11 D:\\Projects\\xampp\\htdocs\\abc\\vendor\\laravel\\framework\\src\\Illuminate\\Routing\\Route.php(233): Illuminate\\Foundation\\Application->make('App\\\\Http\\\\Contro...')
#12 D:\\Projects\\xampp\\htdocs\\abc\\vendor\\laravel\\framework\\src\\Illuminate\\Routing\\Route.php(833): Illuminate\\Routing\\Route->getController()
#13 D:\\Projects\\xampp\\htdocs\\abc\\vendor\\laravel\\framework\\src\\Illuminate\\Routing\\Route.php(794): Illuminate\\Routing\\Route->controllerMiddleware()
#14 D:\\Projects\\xampp\\htdocs\\abc\\vendor\\laravel\\framework\\src\\Illuminate\\Routing\\Router.php(694): Illuminate\\Routing\\Route->gatherMiddleware()
#15 D:\\Projects\\xampp\\htdocs\\abc\\vendor\\laravel\\framework\\src\\Illuminate\\Routing\\Router.php(674): Illuminate\\Routing\\Router->gatherRouteMiddleware(Object(Illuminate\\Routing\\Route))
#16 D:\\Projects\\xampp\\htdocs\\abc\\vendor\\laravel\\framework\\src\\Illuminate\\Routing\\Router.php(658): Illuminate\\Routing\\Router->runRouteWithinStack(Object(Illuminate\\Routing\\Route), Object(Illuminate\\Http\\Request))
#17 D:\\Projects\\xampp\\htdocs\\abc\\vendor\\laravel\\framework\\src\\Illuminate\\Routing\\Router.php(624): Illuminate\\Routing\\Router->runRoute(Object(Illuminate\\Http\\Request), Object(Illuminate\\Routing\\Route))
#18 D:\\Projects\\xampp\\htdocs\\abc\\vendor\\laravel\\framework\\src\\Illuminate\\Routing\\Router.php(613): Illuminate\\Routing\\Router->dispatchToRoute(Object(Illuminate\\Http\\Request))
#19 D:\\Projects\\xampp\\htdocs\\abc\\vendor\\laravel\\framework\\src\\Illuminate\\Foundation\\Http\\Kernel.php(177): Illuminate\\Routing\\Router->dispatch(Object(Illuminate\\Http\\Request))
#20 D:\\Projects\\xampp\\htdocs\\abc\\vendor\\laravel\\framework\\src\\Illuminate\\Pipeline\\Pipeline.php(130): Illuminate\\Foundation\\Http\\Kernel->Illuminate\\Foundation\\Http\\{closure}(Object(Illuminate\\Http\\Request))
#21 D:\\Projects\\xampp\\htdocs\\abc\\vendor\\laravel\\framework\\src\\Illuminate\\Foundation\\Http\\Middleware\\TransformsRequest.php(21): Illuminate\\Pipeline\\Pipeline->Illuminate\\Pipeline\\{closure}(Object(Illuminate\\Http\\Request))
#22 D:\\Projects\\xampp\\htdocs\\abc\\vendor\\laravel\\framework\\src\\Illuminate\\Pipeline\\Pipeline.php(171): Illuminate\\Foundation\\Http\\Middleware\\TransformsRequest->handle(Object(Illuminate\\Http\\Request), Object(Closure))
#23 D:\\Projects\\xampp\\htdocs\\abc\\vendor\\laravel\\framework\\src\\Illuminate\\Foundation\\Http\\Middleware\\TransformsRequest.php(21): Illuminate\\Pipeline\\Pipeline->Illuminate\\Pipeline\\{closure}(Object(Illuminate\\Http\\Request))
#24 D:\\Projects\\xampp\\htdocs\\abc\\vendor\\laravel\\framework\\src\\Illuminate\\Pipeline\\Pipeline.php(171): Illuminate\\Foundation\\Http\\Middleware\\TransformsRequest->handle(Object(Illuminate\\Http\\Request), Object(Closure))
#25 D:\\Projects\\xampp\\htdocs\\abc\\vendor\\laravel\\framework\\src\\Illuminate\\Foundation\\Http\\Middleware\\ValidatePostSize.php(27): Illuminate\\Pipeline\\Pipeline->Illuminate\\Pipeline\\{closure}(Object(Illuminate\\Http\\Request))
#26 D:\\Projects\\xampp\\htdocs\\abc\\vendor\\laravel\\framework\\src\\Illuminate\\Pipeline\\Pipeline.php(171): Illuminate\\Foundation\\Http\\Middleware\\ValidatePostSize->handle(Object(Illuminate\\Http\\Request), Object(Closure))
#27 D:\\Projects\\xampp\\htdocs\\abc\\vendor\\laravel\\framework\\src\\Illuminate\\Foundation\\Http\\Middleware\\CheckForMaintenanceMode.php(62): Illuminate\\Pipeline\\Pipeline->Illuminate\\Pipeline\\{closure}(Object(Illuminate\\Http\\Request))
#28 D:\\Projects\\xampp\\htdocs\\abc\\vendor\\laravel\\framework\\src\\Illuminate\\Pipeline\\Pipeline.php(171): Illuminate\\Foundation\\Http\\Middleware\\CheckForMaintenanceMode->handle(Object(Illuminate\\Http\\Request), Object(Closure))
#29 D:\\Projects\\xampp\\htdocs\\abc\\vendor\\fideloper\\proxy\\src\\TrustProxies.php(57): Illuminate\\Pipeline\\Pipeline->Illuminate\\Pipeline\\{closure}(Object(Illuminate\\Http\\Request))
#30 D:\\Projects\\xampp\\htdocs\\abc\\vendor\\laravel\\framework\\src\\Illuminate\\Pipeline\\Pipeline.php(171): Fideloper\\Proxy\\TrustProxies->handle(Object(Illuminate\\Http\\Request), Object(Closure))
#31 D:\\Projects\\xampp\\htdocs\\abc\\vendor\\laravel\\framework\\src\\Illuminate\\Pipeline\\Pipeline.php(105): Illuminate\\Pipeline\\Pipeline->Illuminate\\Pipeline\\{closure}(Object(Illuminate\\Http\\Request))
#32 D:\\Projects\\xampp\\htdocs\\abc\\vendor\\laravel\\framework\\src\\Illuminate\\Foundation\\Http\\Kernel.php(152): Illuminate\\Pipeline\\Pipeline->then(Object(Closure))
#33 D:\\Projects\\xampp\\htdocs\\abc\\vendor\\laravel\\framework\\src\\Illuminate\\Foundation\\Http\\Kernel.php(117): Illuminate\\Foundation\\Http\\Kernel->sendRequestThroughRouter(Object(Illuminate\\Http\\Request))
#34 D:\\Projects\\xampp\\htdocs\\abc\\public\\index.php(55): Illuminate\\Foundation\\Http\\Kernel->handle(Object(Illuminate\\Http\\Request))
#35 {main}
"} 
